{"/Users/prikumar3/TCP/tcp-unified-experience/packages/core/src/components/common/atoms/Anchor/Anchor.style.js": {"path":"/Users/prikumar3/TCP/tcp-unified-experience/packages/core/src/components/common/atoms/Anchor/Anchor.style.js","statementMap":{"0":{"start":{"line":3,"column":21},"end":{"line":69,"column":1}},"1":{"start":{"line":4,"column":26},"end":{"line":4,"column":63}},"2":{"start":{"line":6,"column":4},"end":{"line":10,"column":10}},"3":{"start":{"line":12,"column":4},"end":{"line":16,"column":10}},"4":{"start":{"line":18,"column":4},"end":{"line":22,"column":10}},"5":{"start":{"line":24,"column":4},"end":{"line":28,"column":10}},"6":{"start":{"line":30,"column":4},"end":{"line":34,"column":10}},"7":{"start":{"line":36,"column":4},"end":{"line":40,"column":10}},"8":{"start":{"line":42,"column":4},"end":{"line":46,"column":10}},"9":{"start":{"line":48,"column":4},"end":{"line":52,"column":32}},"10":{"start":{"line":54,"column":4},"end":{"line":61,"column":10}},"11":{"start":{"line":63,"column":4},"end":{"line":67,"column":10}},"12":{"start":{"line":68,"column":14},"end":{"line":68,"column":64}}},"fnMap":{"0":{"name":"(anonymous_0)","decl":{"start":{"line":4,"column":17},"end":{"line":4,"column":18}},"loc":{"start":{"line":4,"column":26},"end":{"line":4,"column":63}},"line":4},"1":{"name":"(anonymous_1)","decl":{"start":{"line":5,"column":4},"end":{"line":5,"column":5}},"loc":{"start":{"line":6,"column":4},"end":{"line":10,"column":10}},"line":6},"2":{"name":"(anonymous_2)","decl":{"start":{"line":11,"column":4},"end":{"line":11,"column":5}},"loc":{"start":{"line":12,"column":4},"end":{"line":16,"column":10}},"line":12},"3":{"name":"(anonymous_3)","decl":{"start":{"line":17,"column":4},"end":{"line":17,"column":5}},"loc":{"start":{"line":18,"column":4},"end":{"line":22,"column":10}},"line":18},"4":{"name":"(anonymous_4)","decl":{"start":{"line":23,"column":4},"end":{"line":23,"column":5}},"loc":{"start":{"line":24,"column":4},"end":{"line":28,"column":10}},"line":24},"5":{"name":"(anonymous_5)","decl":{"start":{"line":29,"column":4},"end":{"line":29,"column":5}},"loc":{"start":{"line":30,"column":4},"end":{"line":34,"column":10}},"line":30},"6":{"name":"(anonymous_6)","decl":{"start":{"line":35,"column":4},"end":{"line":35,"column":5}},"loc":{"start":{"line":36,"column":4},"end":{"line":40,"column":10}},"line":36},"7":{"name":"(anonymous_7)","decl":{"start":{"line":41,"column":4},"end":{"line":41,"column":5}},"loc":{"start":{"line":42,"column":4},"end":{"line":46,"column":10}},"line":42},"8":{"name":"(anonymous_8)","decl":{"start":{"line":47,"column":4},"end":{"line":47,"column":5}},"loc":{"start":{"line":48,"column":4},"end":{"line":52,"column":32}},"line":48},"9":{"name":"(anonymous_9)","decl":{"start":{"line":53,"column":4},"end":{"line":53,"column":5}},"loc":{"start":{"line":54,"column":4},"end":{"line":61,"column":10}},"line":54},"10":{"name":"(anonymous_10)","decl":{"start":{"line":62,"column":4},"end":{"line":62,"column":5}},"loc":{"start":{"line":63,"column":4},"end":{"line":67,"column":10}},"line":63},"11":{"name":"(anonymous_11)","decl":{"start":{"line":68,"column":4},"end":{"line":68,"column":5}},"loc":{"start":{"line":68,"column":14},"end":{"line":68,"column":64}},"line":68}},"branchMap":{"0":{"loc":{"start":{"line":6,"column":4},"end":{"line":10,"column":10}},"type":"cond-expr","locations":[{"start":{"line":7,"column":8},"end":{"line":9,"column":5}},{"start":{"line":10,"column":8},"end":{"line":10,"column":10}}],"line":6},"1":{"loc":{"start":{"line":12,"column":4},"end":{"line":16,"column":10}},"type":"cond-expr","locations":[{"start":{"line":13,"column":8},"end":{"line":15,"column":5}},{"start":{"line":16,"column":8},"end":{"line":16,"column":10}}],"line":12},"2":{"loc":{"start":{"line":18,"column":4},"end":{"line":22,"column":10}},"type":"cond-expr","locations":[{"start":{"line":19,"column":8},"end":{"line":21,"column":5}},{"start":{"line":22,"column":8},"end":{"line":22,"column":10}}],"line":18},"3":{"loc":{"start":{"line":24,"column":4},"end":{"line":28,"column":10}},"type":"cond-expr","locations":[{"start":{"line":25,"column":8},"end":{"line":27,"column":5}},{"start":{"line":28,"column":8},"end":{"line":28,"column":10}}],"line":24},"4":{"loc":{"start":{"line":30,"column":4},"end":{"line":34,"column":10}},"type":"cond-expr","locations":[{"start":{"line":31,"column":8},"end":{"line":33,"column":5}},{"start":{"line":34,"column":8},"end":{"line":34,"column":10}}],"line":30},"5":{"loc":{"start":{"line":36,"column":4},"end":{"line":40,"column":10}},"type":"cond-expr","locations":[{"start":{"line":37,"column":8},"end":{"line":39,"column":5}},{"start":{"line":40,"column":8},"end":{"line":40,"column":10}}],"line":36},"6":{"loc":{"start":{"line":42,"column":4},"end":{"line":46,"column":10}},"type":"cond-expr","locations":[{"start":{"line":43,"column":8},"end":{"line":45,"column":5}},{"start":{"line":46,"column":8},"end":{"line":46,"column":10}}],"line":42},"7":{"loc":{"start":{"line":48,"column":4},"end":{"line":52,"column":32}},"type":"cond-expr","locations":[{"start":{"line":49,"column":8},"end":{"line":51,"column":5}},{"start":{"line":52,"column":8},"end":{"line":52,"column":32}}],"line":48},"8":{"loc":{"start":{"line":54,"column":4},"end":{"line":61,"column":10}},"type":"cond-expr","locations":[{"start":{"line":55,"column":8},"end":{"line":60,"column":5}},{"start":{"line":61,"column":8},"end":{"line":61,"column":10}}],"line":54},"9":{"loc":{"start":{"line":63,"column":4},"end":{"line":67,"column":10}},"type":"cond-expr","locations":[{"start":{"line":64,"column":8},"end":{"line":66,"column":5}},{"start":{"line":67,"column":8},"end":{"line":67,"column":10}}],"line":63},"10":{"loc":{"start":{"line":68,"column":14},"end":{"line":68,"column":64}},"type":"cond-expr","locations":[{"start":{"line":68,"column":38},"end":{"line":68,"column":59}},{"start":{"line":68,"column":62},"end":{"line":68,"column":64}}],"line":68}},"s":{"0":1,"1":0,"2":0,"3":0,"4":0,"5":0,"6":0,"7":0,"8":0,"9":0,"10":0,"11":0,"12":0},"f":{"0":0,"1":0,"2":0,"3":0,"4":0,"5":0,"6":0,"7":0,"8":0,"9":0,"10":0,"11":0},"b":{"0":[0,0],"1":[0,0],"2":[0,0],"3":[0,0],"4":[0,0],"5":[0,0],"6":[0,0],"7":[0,0],"8":[0,0],"9":[0,0],"10":[0,0]},"_coverageSchema":"43e27e138ebf9cfc5966b082cf9a028302ed4184","hash":"b67f25d7917754698b54e4d8dce6c77550b7779a"}
,"/Users/prikumar3/TCP/tcp-unified-experience/packages/core/src/components/common/atoms/Anchor/views/Anchor.jsx": {"path":"/Users/prikumar3/TCP/tcp-unified-experience/packages/core/src/components/common/atoms/Anchor/views/Anchor.jsx","statementMap":{"0":{"start":{"line":20,"column":15},"end":{"line":50,"column":3}},"1":{"start":{"line":33,"column":2},"end":{"line":50,"column":3}},"2":{"start":{"line":52,"column":0},"end":{"line":63,"column":2}},"3":{"start":{"line":65,"column":0},"end":{"line":73,"column":2}}},"fnMap":{"0":{"name":"(anonymous_0)","decl":{"start":{"line":20,"column":15},"end":{"line":20,"column":16}},"loc":{"start":{"line":33,"column":2},"end":{"line":50,"column":3}},"line":33},"1":{"name":"(anonymous_1)","decl":{"start":{"line":69,"column":19},"end":{"line":69,"column":20}},"loc":{"start":{"line":69,"column":25},"end":{"line":69,"column":27}},"line":69}},"branchMap":{"0":{"loc":{"start":{"line":33,"column":2},"end":{"line":50,"column":3}},"type":"cond-expr","locations":[{"start":{"line":34,"column":4},"end":{"line":43,"column":8}},{"start":{"line":45,"column":4},"end":{"line":49,"column":11}}],"line":33},"1":{"loc":{"start":{"line":46,"column":15},"end":{"line":46,"column":33}},"type":"binary-expr","locations":[{"start":{"line":46,"column":15},"end":{"line":46,"column":17}},{"start":{"line":46,"column":21},"end":{"line":46,"column":33}}],"line":46}},"s":{"0":1,"1":1,"2":1,"3":1},"f":{"0":1,"1":0},"b":{"0":[0,1],"1":[1,1]},"_coverageSchema":"43e27e138ebf9cfc5966b082cf9a028302ed4184","hash":"a5abce9fb02c2846e608f995aa74e51d01a7165d"}
,"/Users/prikumar3/TCP/tcp-unified-experience/packages/core/src/components/common/atoms/Button/Button.style.js": {"path":"/Users/prikumar3/TCP/tcp-unified-experience/packages/core/src/components/common/atoms/Button/Button.style.js","statementMap":{"0":{"start":{"line":3,"column":21},"end":{"line":60,"column":1}},"1":{"start":{"line":8,"column":22},"end":{"line":8,"column":57}},"2":{"start":{"line":9,"column":23},"end":{"line":9,"column":72}},"3":{"start":{"line":13,"column":4},"end":{"line":25,"column":10}},"4":{"start":{"line":27,"column":4},"end":{"line":38,"column":10}},"5":{"start":{"line":40,"column":4},"end":{"line":44,"column":10}},"6":{"start":{"line":47,"column":27},"end":{"line":47,"column":58}},"7":{"start":{"line":50,"column":27},"end":{"line":50,"column":58}},"8":{"start":{"line":53,"column":20},"end":{"line":53,"column":48}},"9":{"start":{"line":55,"column":6},"end":{"line":55,"column":92}},"10":{"start":{"line":57,"column":6},"end":{"line":57,"column":95}},"11":{"start":{"line":59,"column":14},"end":{"line":59,"column":64}}},"fnMap":{"0":{"name":"(anonymous_0)","decl":{"start":{"line":8,"column":12},"end":{"line":8,"column":13}},"loc":{"start":{"line":8,"column":22},"end":{"line":8,"column":57}},"line":8},"1":{"name":"(anonymous_1)","decl":{"start":{"line":9,"column":13},"end":{"line":9,"column":14}},"loc":{"start":{"line":9,"column":23},"end":{"line":9,"column":72}},"line":9},"2":{"name":"(anonymous_2)","decl":{"start":{"line":12,"column":4},"end":{"line":12,"column":5}},"loc":{"start":{"line":13,"column":4},"end":{"line":25,"column":10}},"line":13},"3":{"name":"(anonymous_3)","decl":{"start":{"line":26,"column":4},"end":{"line":26,"column":5}},"loc":{"start":{"line":27,"column":4},"end":{"line":38,"column":10}},"line":27},"4":{"name":"(anonymous_4)","decl":{"start":{"line":39,"column":4},"end":{"line":39,"column":5}},"loc":{"start":{"line":40,"column":4},"end":{"line":44,"column":10}},"line":40},"5":{"name":"(anonymous_5)","decl":{"start":{"line":47,"column":18},"end":{"line":47,"column":19}},"loc":{"start":{"line":47,"column":27},"end":{"line":47,"column":58}},"line":47},"6":{"name":"(anonymous_6)","decl":{"start":{"line":50,"column":18},"end":{"line":50,"column":19}},"loc":{"start":{"line":50,"column":27},"end":{"line":50,"column":58}},"line":50},"7":{"name":"(anonymous_7)","decl":{"start":{"line":53,"column":11},"end":{"line":53,"column":12}},"loc":{"start":{"line":53,"column":20},"end":{"line":53,"column":48}},"line":53},"8":{"name":"(anonymous_8)","decl":{"start":{"line":54,"column":6},"end":{"line":54,"column":7}},"loc":{"start":{"line":55,"column":6},"end":{"line":55,"column":92}},"line":55},"9":{"name":"(anonymous_9)","decl":{"start":{"line":56,"column":6},"end":{"line":56,"column":7}},"loc":{"start":{"line":57,"column":6},"end":{"line":57,"column":95}},"line":57},"10":{"name":"(anonymous_10)","decl":{"start":{"line":59,"column":4},"end":{"line":59,"column":5}},"loc":{"start":{"line":59,"column":14},"end":{"line":59,"column":64}},"line":59}},"branchMap":{"0":{"loc":{"start":{"line":8,"column":22},"end":{"line":8,"column":57}},"type":"cond-expr","locations":[{"start":{"line":8,"column":39},"end":{"line":8,"column":45}},{"start":{"line":8,"column":48},"end":{"line":8,"column":57}}],"line":8},"1":{"loc":{"start":{"line":9,"column":23},"end":{"line":9,"column":72}},"type":"cond-expr","locations":[{"start":{"line":9,"column":40},"end":{"line":9,"column":66}},{"start":{"line":9,"column":69},"end":{"line":9,"column":72}}],"line":9},"2":{"loc":{"start":{"line":13,"column":4},"end":{"line":25,"column":10}},"type":"cond-expr","locations":[{"start":{"line":14,"column":8},"end":{"line":24,"column":5}},{"start":{"line":25,"column":8},"end":{"line":25,"column":10}}],"line":13},"3":{"loc":{"start":{"line":27,"column":4},"end":{"line":38,"column":10}},"type":"cond-expr","locations":[{"start":{"line":28,"column":8},"end":{"line":37,"column":5}},{"start":{"line":38,"column":8},"end":{"line":38,"column":10}}],"line":27},"4":{"loc":{"start":{"line":40,"column":4},"end":{"line":44,"column":10}},"type":"cond-expr","locations":[{"start":{"line":41,"column":8},"end":{"line":43,"column":5}},{"start":{"line":44,"column":8},"end":{"line":44,"column":10}}],"line":40},"5":{"loc":{"start":{"line":55,"column":6},"end":{"line":55,"column":92}},"type":"cond-expr","locations":[{"start":{"line":55,"column":48},"end":{"line":55,"column":87}},{"start":{"line":55,"column":90},"end":{"line":55,"column":92}}],"line":55},"6":{"loc":{"start":{"line":57,"column":6},"end":{"line":57,"column":95}},"type":"cond-expr","locations":[{"start":{"line":57,"column":51},"end":{"line":57,"column":90}},{"start":{"line":57,"column":93},"end":{"line":57,"column":95}}],"line":57},"7":{"loc":{"start":{"line":59,"column":14},"end":{"line":59,"column":64}},"type":"cond-expr","locations":[{"start":{"line":59,"column":38},"end":{"line":59,"column":59}},{"start":{"line":59,"column":62},"end":{"line":59,"column":64}}],"line":59}},"s":{"0":1,"1":0,"2":0,"3":0,"4":0,"5":0,"6":0,"7":0,"8":0,"9":0,"10":0,"11":0},"f":{"0":0,"1":0,"2":0,"3":0,"4":0,"5":0,"6":0,"7":0,"8":0,"9":0,"10":0},"b":{"0":[0,0],"1":[0,0],"2":[0,0],"3":[0,0],"4":[0,0],"5":[0,0],"6":[0,0],"7":[0,0]},"_coverageSchema":"43e27e138ebf9cfc5966b082cf9a028302ed4184","hash":"2a8005b0d9e3b070e3997e27e169b9aa456de691"}
,"/Users/prikumar3/TCP/tcp-unified-experience/packages/core/src/components/common/atoms/Button/views/Button.jsx": {"path":"/Users/prikumar3/TCP/tcp-unified-experience/packages/core/src/components/common/atoms/Button/views/Button.jsx","statementMap":{"0":{"start":{"line":32,"column":15},"end":{"line":42,"column":1}},"1":{"start":{"line":33,"column":2},"end":{"line":41,"column":11}},"2":{"start":{"line":44,"column":0},"end":{"line":47,"column":2}}},"fnMap":{"0":{"name":"(anonymous_0)","decl":{"start":{"line":32,"column":15},"end":{"line":32,"column":16}},"loc":{"start":{"line":33,"column":2},"end":{"line":41,"column":11}},"line":33}},"branchMap":{},"s":{"0":1,"1":2,"2":1},"f":{"0":2},"b":{},"_coverageSchema":"43e27e138ebf9cfc5966b082cf9a028302ed4184","hash":"2d8b6e8bcc04e051541fda8438106dbf7226e1ce"}
,"/Users/prikumar3/TCP/tcp-unified-experience/packages/core/src/components/common/atoms/Col/Col.style.js": {"path":"/Users/prikumar3/TCP/tcp-unified-experience/packages/core/src/components/common/atoms/Col/Col.style.js","statementMap":{"0":{"start":{"line":10,"column":29},"end":{"line":12,"column":1}},"1":{"start":{"line":11,"column":2},"end":{"line":11,"column":55}},"2":{"start":{"line":19,"column":18},"end":{"line":23,"column":1}},"3":{"start":{"line":20,"column":25},"end":{"line":20,"column":72}},"4":{"start":{"line":21,"column":23},"end":{"line":21,"column":65}},"5":{"start":{"line":22,"column":2},"end":{"line":22,"column":52}},"6":{"start":{"line":34,"column":23},"end":{"line":41,"column":1}},"7":{"start":{"line":35,"column":22},"end":{"line":38,"column":3}},"8":{"start":{"line":39,"column":23},"end":{"line":39,"column":60}},"9":{"start":{"line":40,"column":2},"end":{"line":40,"column":88}},"10":{"start":{"line":51,"column":24},"end":{"line":55,"column":1}},"11":{"start":{"line":52,"column":2},"end":{"line":54,"column":4}},"12":{"start":{"line":57,"column":18},"end":{"line":85,"column":1}},"13":{"start":{"line":59,"column":4},"end":{"line":83,"column":5}},"14":{"start":{"line":60,"column":13},"end":{"line":82,"column":8}},"15":{"start":{"line":84,"column":14},"end":{"line":84,"column":64}}},"fnMap":{"0":{"name":"(anonymous_0)","decl":{"start":{"line":10,"column":29},"end":{"line":10,"column":30}},"loc":{"start":{"line":10,"column":65},"end":{"line":12,"column":1}},"line":10},"1":{"name":"(anonymous_1)","decl":{"start":{"line":19,"column":18},"end":{"line":19,"column":19}},"loc":{"start":{"line":19,"column":50},"end":{"line":23,"column":1}},"line":19},"2":{"name":"(anonymous_2)","decl":{"start":{"line":34,"column":23},"end":{"line":34,"column":24}},"loc":{"start":{"line":34,"column":65},"end":{"line":41,"column":1}},"line":34},"3":{"name":"(anonymous_3)","decl":{"start":{"line":51,"column":24},"end":{"line":51,"column":25}},"loc":{"start":{"line":51,"column":66},"end":{"line":55,"column":1}},"line":51},"4":{"name":"(anonymous_4)","decl":{"start":{"line":58,"column":4},"end":{"line":58,"column":5}},"loc":{"start":{"line":59,"column":4},"end":{"line":83,"column":5}},"line":59},"5":{"name":"(anonymous_5)","decl":{"start":{"line":60,"column":6},"end":{"line":60,"column":7}},"loc":{"start":{"line":60,"column":13},"end":{"line":82,"column":8}},"line":60},"6":{"name":"(anonymous_6)","decl":{"start":{"line":84,"column":4},"end":{"line":84,"column":5}},"loc":{"start":{"line":84,"column":14},"end":{"line":84,"column":64}},"line":84}},"branchMap":{"0":{"loc":{"start":{"line":62,"column":10},"end":{"line":62,"column":68}},"type":"cond-expr","locations":[{"start":{"line":62,"column":48},"end":{"line":62,"column":63}},{"start":{"line":62,"column":66},"end":{"line":62,"column":68}}],"line":62},"1":{"loc":{"start":{"line":62,"column":10},"end":{"line":62,"column":45}},"type":"binary-expr","locations":[{"start":{"line":62,"column":10},"end":{"line":62,"column":23}},{"start":{"line":62,"column":27},"end":{"line":62,"column":45}}],"line":62},"2":{"loc":{"start":{"line":65,"column":12},"end":{"line":65,"column":66}},"type":"cond-expr","locations":[{"start":{"line":65,"column":38},"end":{"line":65,"column":61}},{"start":{"line":65,"column":64},"end":{"line":65,"column":66}}],"line":65},"3":{"loc":{"start":{"line":67,"column":12},"end":{"line":69,"column":18}},"type":"cond-expr","locations":[{"start":{"line":68,"column":16},"end":{"line":68,"column":79}},{"start":{"line":69,"column":16},"end":{"line":69,"column":18}}],"line":67},"4":{"loc":{"start":{"line":67,"column":14},"end":{"line":67,"column":59}},"type":"binary-expr","locations":[{"start":{"line":67,"column":14},"end":{"line":67,"column":32}},{"start":{"line":67,"column":36},"end":{"line":67,"column":59}}],"line":67},"5":{"loc":{"start":{"line":72,"column":12},"end":{"line":74,"column":19}},"type":"cond-expr","locations":[{"start":{"line":73,"column":16},"end":{"line":73,"column":87}},{"start":{"line":74,"column":16},"end":{"line":74,"column":19}}],"line":72},"6":{"loc":{"start":{"line":72,"column":12},"end":{"line":72,"column":53}},"type":"binary-expr","locations":[{"start":{"line":72,"column":12},"end":{"line":72,"column":28}},{"start":{"line":72,"column":32},"end":{"line":72,"column":53}}],"line":72},"7":{"loc":{"start":{"line":77,"column":12},"end":{"line":79,"column":19}},"type":"cond-expr","locations":[{"start":{"line":78,"column":16},"end":{"line":78,"column":88}},{"start":{"line":79,"column":16},"end":{"line":79,"column":19}}],"line":77},"8":{"loc":{"start":{"line":77,"column":12},"end":{"line":77,"column":55}},"type":"binary-expr","locations":[{"start":{"line":77,"column":12},"end":{"line":77,"column":29}},{"start":{"line":77,"column":33},"end":{"line":77,"column":55}}],"line":77},"9":{"loc":{"start":{"line":84,"column":14},"end":{"line":84,"column":64}},"type":"cond-expr","locations":[{"start":{"line":84,"column":38},"end":{"line":84,"column":59}},{"start":{"line":84,"column":62},"end":{"line":84,"column":64}}],"line":84}},"s":{"0":4,"1":0,"2":4,"3":0,"4":0,"5":0,"6":4,"7":0,"8":0,"9":0,"10":4,"11":0,"12":4,"13":0,"14":0,"15":0},"f":{"0":0,"1":0,"2":0,"3":0,"4":0,"5":0,"6":0},"b":{"0":[0,0],"1":[0,0],"2":[0,0],"3":[0,0],"4":[0,0],"5":[0,0],"6":[0,0],"7":[0,0],"8":[0,0],"9":[0,0]},"_coverageSchema":"43e27e138ebf9cfc5966b082cf9a028302ed4184","hash":"35d6975856bc798fba2346a364e84e6a9623bb44"}
,"/Users/prikumar3/TCP/tcp-unified-experience/packages/core/src/components/common/atoms/Col/index.js": {"path":"/Users/prikumar3/TCP/tcp-unified-experience/packages/core/src/components/common/atoms/Col/index.js","statementMap":{},"fnMap":{},"branchMap":{},"s":{},"f":{},"b":{},"_coverageSchema":"43e27e138ebf9cfc5966b082cf9a028302ed4184","hash":"9f0c805b20bd70c47fc6d7f69a6ae8dd15474dfb"}
,"/Users/prikumar3/TCP/tcp-unified-experience/packages/core/src/components/common/atoms/Col/views/Col.jsx": {"path":"/Users/prikumar3/TCP/tcp-unified-experience/packages/core/src/components/common/atoms/Col/views/Col.jsx","statementMap":{"0":{"start":{"line":9,"column":12},"end":{"line":9,"column":84}},"1":{"start":{"line":9,"column":41},"end":{"line":9,"column":84}},"2":{"start":{"line":11,"column":0},"end":{"line":24,"column":2}},"3":{"start":{"line":26,"column":0},"end":{"line":37,"column":2}}},"fnMap":{"0":{"name":"(anonymous_0)","decl":{"start":{"line":9,"column":12},"end":{"line":9,"column":13}},"loc":{"start":{"line":9,"column":41},"end":{"line":9,"column":84}},"line":9}},"branchMap":{},"s":{"0":4,"1":1,"2":4,"3":4},"f":{"0":1},"b":{},"_coverageSchema":"43e27e138ebf9cfc5966b082cf9a028302ed4184","hash":"5d2502c62b37f154ab27050545dc57f992cb3b4e"}
,"/Users/prikumar3/TCP/tcp-unified-experience/packages/core/src/components/common/atoms/Col/views/index.js": {"path":"/Users/prikumar3/TCP/tcp-unified-experience/packages/core/src/components/common/atoms/Col/views/index.js","statementMap":{},"fnMap":{},"branchMap":{},"s":{},"f":{},"b":{},"_coverageSchema":"43e27e138ebf9cfc5966b082cf9a028302ed4184","hash":"d36b55a1563a55d19e433ff1f746fc66bd72ca21"}
,"/Users/prikumar3/TCP/tcp-unified-experience/packages/core/src/components/common/atoms/Image/Image.style.js": {"path":"/Users/prikumar3/TCP/tcp-unified-experience/packages/core/src/components/common/atoms/Image/Image.style.js","statementMap":{"0":{"start":{"line":3,"column":20},"end":{"line":5,"column":1}},"1":{"start":{"line":4,"column":14},"end":{"line":4,"column":64}}},"fnMap":{"0":{"name":"(anonymous_0)","decl":{"start":{"line":4,"column":4},"end":{"line":4,"column":5}},"loc":{"start":{"line":4,"column":14},"end":{"line":4,"column":64}},"line":4}},"branchMap":{"0":{"loc":{"start":{"line":4,"column":14},"end":{"line":4,"column":64}},"type":"cond-expr","locations":[{"start":{"line":4,"column":38},"end":{"line":4,"column":59}},{"start":{"line":4,"column":62},"end":{"line":4,"column":64}}],"line":4}},"s":{"0":1,"1":0},"f":{"0":0},"b":{"0":[0,0]},"_coverageSchema":"43e27e138ebf9cfc5966b082cf9a028302ed4184","hash":"9a2afba8c7e074927d1074c59f8b3f144d1a7d3b"}
,"/Users/prikumar3/TCP/tcp-unified-experience/packages/core/src/components/common/atoms/Image/views/Image.jsx": {"path":"/Users/prikumar3/TCP/tcp-unified-experience/packages/core/src/components/common/atoms/Image/views/Image.jsx","statementMap":{"0":{"start":{"line":7,"column":14},"end":{"line":35,"column":1}},"1":{"start":{"line":18,"column":2},"end":{"line":34,"column":4}},"2":{"start":{"line":30,"column":12},"end":{"line":30,"column":46}},"3":{"start":{"line":37,"column":0},"end":{"line":46,"column":2}},"4":{"start":{"line":48,"column":0},"end":{"line":54,"column":2}}},"fnMap":{"0":{"name":"(anonymous_0)","decl":{"start":{"line":7,"column":14},"end":{"line":7,"column":15}},"loc":{"start":{"line":18,"column":2},"end":{"line":34,"column":4}},"line":18},"1":{"name":"(anonymous_1)","decl":{"start":{"line":28,"column":10},"end":{"line":28,"column":11}},"loc":{"start":{"line":28,"column":19},"end":{"line":31,"column":11}},"line":28},"2":{"name":"(anonymous_2)","decl":{"start":{"line":53,"column":7},"end":{"line":53,"column":8}},"loc":{"start":{"line":53,"column":13},"end":{"line":53,"column":15}},"line":53}},"branchMap":{"0":{"loc":{"start":{"line":21,"column":12},"end":{"line":21,"column":26}},"type":"binary-expr","locations":[{"start":{"line":21,"column":12},"end":{"line":21,"column":18}},{"start":{"line":21,"column":22},"end":{"line":21,"column":26}}],"line":21},"1":{"loc":{"start":{"line":22,"column":11},"end":{"line":22,"column":24}},"type":"binary-expr","locations":[{"start":{"line":22,"column":11},"end":{"line":22,"column":16}},{"start":{"line":22,"column":20},"end":{"line":22,"column":24}}],"line":22},"2":{"loc":{"start":{"line":27,"column":6},"end":{"line":32,"column":14}},"type":"cond-expr","locations":[{"start":{"line":28,"column":10},"end":{"line":31,"column":11}},{"start":{"line":32,"column":10},"end":{"line":32,"column":14}}],"line":27}},"s":{"0":1,"1":1,"2":0,"3":1,"4":1},"f":{"0":1,"1":0,"2":0},"b":{"0":[1,1],"1":[1,1],"2":[0,1]},"_coverageSchema":"43e27e138ebf9cfc5966b082cf9a028302ed4184","hash":"70c4db45ed0eb0d1f9b2a3d243683123ed4e0c9a"}
,"/Users/prikumar3/TCP/tcp-unified-experience/packages/core/src/components/common/atoms/RichText/RichText.style.js": {"path":"/Users/prikumar3/TCP/tcp-unified-experience/packages/core/src/components/common/atoms/RichText/RichText.style.js","statementMap":{"0":{"start":{"line":3,"column":23},"end":{"line":5,"column":1}},"1":{"start":{"line":4,"column":14},"end":{"line":4,"column":64}}},"fnMap":{"0":{"name":"(anonymous_0)","decl":{"start":{"line":4,"column":4},"end":{"line":4,"column":5}},"loc":{"start":{"line":4,"column":14},"end":{"line":4,"column":64}},"line":4}},"branchMap":{"0":{"loc":{"start":{"line":4,"column":14},"end":{"line":4,"column":64}},"type":"cond-expr","locations":[{"start":{"line":4,"column":38},"end":{"line":4,"column":59}},{"start":{"line":4,"column":62},"end":{"line":4,"column":64}}],"line":4}},"s":{"0":3,"1":1},"f":{"0":1},"b":{"0":[0,1]},"_coverageSchema":"43e27e138ebf9cfc5966b082cf9a028302ed4184","hash":"f27c858ad82667cab0c60e4a2424b778661dd2a2"}
,"/Users/prikumar3/TCP/tcp-unified-experience/packages/core/src/components/common/atoms/RichText/index.js": {"path":"/Users/prikumar3/TCP/tcp-unified-experience/packages/core/src/components/common/atoms/RichText/index.js","statementMap":{},"fnMap":{},"branchMap":{},"s":{},"f":{},"b":{},"_coverageSchema":"43e27e138ebf9cfc5966b082cf9a028302ed4184","hash":"088f96bc0557bb45352a86981207722e55480d88"}
,"/Users/prikumar3/TCP/tcp-unified-experience/packages/core/src/components/common/atoms/RichText/views/RichText.jsx": {"path":"/Users/prikumar3/TCP/tcp-unified-experience/packages/core/src/components/common/atoms/RichText/views/RichText.jsx","statementMap":{"0":{"start":{"line":8,"column":17},"end":{"line":15,"column":1}},"1":{"start":{"line":10,"column":2},"end":{"line":14,"column":4}},"2":{"start":{"line":17,"column":0},"end":{"line":21,"column":2}},"3":{"start":{"line":23,"column":0},"end":{"line":25,"column":2}}},"fnMap":{"0":{"name":"(anonymous_0)","decl":{"start":{"line":8,"column":17},"end":{"line":8,"column":18}},"loc":{"start":{"line":10,"column":2},"end":{"line":14,"column":4}},"line":10}},"branchMap":{},"s":{"0":3,"1":2,"2":3,"3":3},"f":{"0":2},"b":{},"_coverageSchema":"43e27e138ebf9cfc5966b082cf9a028302ed4184","hash":"692cd2fafad6419e6dc675f2a66b600712be20a2"}
,"/Users/prikumar3/TCP/tcp-unified-experience/packages/core/src/components/common/atoms/RichText/views/index.js": {"path":"/Users/prikumar3/TCP/tcp-unified-experience/packages/core/src/components/common/atoms/RichText/views/index.js","statementMap":{},"fnMap":{},"branchMap":{},"s":{},"f":{},"b":{},"_coverageSchema":"43e27e138ebf9cfc5966b082cf9a028302ed4184","hash":"caf75c03a89b5faffed09bb6e4b610d732075487"}
,"/Users/prikumar3/TCP/tcp-unified-experience/packages/core/src/components/common/atoms/Row/Row.style.js": {"path":"/Users/prikumar3/TCP/tcp-unified-experience/packages/core/src/components/common/atoms/Row/Row.style.js","statementMap":{"0":{"start":{"line":3,"column":18},"end":{"line":39,"column":1}},"1":{"start":{"line":5,"column":4},"end":{"line":33,"column":5}},"2":{"start":{"line":6,"column":13},"end":{"line":32,"column":6}},"3":{"start":{"line":38,"column":14},"end":{"line":38,"column":64}}},"fnMap":{"0":{"name":"(anonymous_0)","decl":{"start":{"line":4,"column":4},"end":{"line":4,"column":5}},"loc":{"start":{"line":5,"column":4},"end":{"line":33,"column":5}},"line":5},"1":{"name":"(anonymous_1)","decl":{"start":{"line":6,"column":6},"end":{"line":6,"column":7}},"loc":{"start":{"line":6,"column":13},"end":{"line":32,"column":6}},"line":6},"2":{"name":"(anonymous_2)","decl":{"start":{"line":38,"column":4},"end":{"line":38,"column":5}},"loc":{"start":{"line":38,"column":14},"end":{"line":38,"column":64}},"line":38}},"branchMap":{"0":{"loc":{"start":{"line":9,"column":8},"end":{"line":14,"column":14}},"type":"cond-expr","locations":[{"start":{"line":10,"column":12},"end":{"line":13,"column":9}},{"start":{"line":14,"column":12},"end":{"line":14,"column":14}}],"line":9},"1":{"loc":{"start":{"line":17,"column":8},"end":{"line":21,"column":14}},"type":"cond-expr","locations":[{"start":{"line":18,"column":12},"end":{"line":20,"column":9}},{"start":{"line":21,"column":12},"end":{"line":21,"column":14}}],"line":17},"2":{"loc":{"start":{"line":24,"column":8},"end":{"line":30,"column":26}},"type":"cond-expr","locations":[{"start":{"line":25,"column":12},"end":{"line":29,"column":9}},{"start":{"line":30,"column":12},"end":{"line":30,"column":26}}],"line":24},"3":{"loc":{"start":{"line":38,"column":14},"end":{"line":38,"column":64}},"type":"cond-expr","locations":[{"start":{"line":38,"column":38},"end":{"line":38,"column":59}},{"start":{"line":38,"column":62},"end":{"line":38,"column":64}}],"line":38}},"s":{"0":4,"1":0,"2":0,"3":0},"f":{"0":0,"1":0,"2":0},"b":{"0":[0,0],"1":[0,0],"2":[0,0],"3":[0,0]},"_coverageSchema":"43e27e138ebf9cfc5966b082cf9a028302ed4184","hash":"dff2a0f08f619ca97db5d50ae1e5ffca03e3ef70"}
,"/Users/prikumar3/TCP/tcp-unified-experience/packages/core/src/components/common/atoms/Row/index.js": {"path":"/Users/prikumar3/TCP/tcp-unified-experience/packages/core/src/components/common/atoms/Row/index.js","statementMap":{},"fnMap":{},"branchMap":{},"s":{},"f":{},"b":{},"_coverageSchema":"43e27e138ebf9cfc5966b082cf9a028302ed4184","hash":"179192ff432cda14d62e866a096a5e331d08fe35"}
,"/Users/prikumar3/TCP/tcp-unified-experience/packages/core/src/components/common/atoms/Row/views/Row.jsx": {"path":"/Users/prikumar3/TCP/tcp-unified-experience/packages/core/src/components/common/atoms/Row/views/Row.jsx","statementMap":{"0":{"start":{"line":9,"column":12},"end":{"line":9,"column":84}},"1":{"start":{"line":9,"column":41},"end":{"line":9,"column":84}},"2":{"start":{"line":11,"column":0},"end":{"line":14,"column":2}}},"fnMap":{"0":{"name":"(anonymous_0)","decl":{"start":{"line":9,"column":12},"end":{"line":9,"column":13}},"loc":{"start":{"line":9,"column":41},"end":{"line":9,"column":84}},"line":9}},"branchMap":{},"s":{"0":4,"1":1,"2":4},"f":{"0":1},"b":{},"_coverageSchema":"43e27e138ebf9cfc5966b082cf9a028302ed4184","hash":"8feafa46c5acb4167e1b501b8b35ec70977c40f2"}
,"/Users/prikumar3/TCP/tcp-unified-experience/packages/core/src/components/common/atoms/Row/views/index.js": {"path":"/Users/prikumar3/TCP/tcp-unified-experience/packages/core/src/components/common/atoms/Row/views/index.js","statementMap":{},"fnMap":{},"branchMap":{},"s":{},"f":{},"b":{},"_coverageSchema":"43e27e138ebf9cfc5966b082cf9a028302ed4184","hash":"d00a6ca163dfdf38c7c9fe860618056197da00b2"}
,"/Users/prikumar3/TCP/tcp-unified-experience/packages/core/src/components/common/atoms/TextBox/TextBox.style.js": {"path":"/Users/prikumar3/TCP/tcp-unified-experience/packages/core/src/components/common/atoms/TextBox/TextBox.style.js","statementMap":{"0":{"start":{"line":3,"column":22},"end":{"line":50,"column":1}},"1":{"start":{"line":7,"column":24},"end":{"line":7,"column":58}},"2":{"start":{"line":9,"column":31},"end":{"line":9,"column":68}},"3":{"start":{"line":10,"column":20},"end":{"line":10,"column":52}},"4":{"start":{"line":11,"column":31},"end":{"line":11,"column":68}},"5":{"start":{"line":19,"column":4},"end":{"line":19,"column":93}},"6":{"start":{"line":21,"column":4},"end":{"line":21,"column":97}},"7":{"start":{"line":24,"column":4},"end":{"line":29,"column":10}},"8":{"start":{"line":32,"column":4},"end":{"line":37,"column":10}},"9":{"start":{"line":40,"column":4},"end":{"line":45,"column":10}},"10":{"start":{"line":47,"column":33},"end":{"line":47,"column":72}},"11":{"start":{"line":49,"column":14},"end":{"line":49,"column":64}}},"fnMap":{"0":{"name":"(anonymous_0)","decl":{"start":{"line":7,"column":15},"end":{"line":7,"column":16}},"loc":{"start":{"line":7,"column":24},"end":{"line":7,"column":58}},"line":7},"1":{"name":"(anonymous_1)","decl":{"start":{"line":9,"column":22},"end":{"line":9,"column":23}},"loc":{"start":{"line":9,"column":31},"end":{"line":9,"column":68}},"line":9},"2":{"name":"(anonymous_2)","decl":{"start":{"line":10,"column":11},"end":{"line":10,"column":12}},"loc":{"start":{"line":10,"column":20},"end":{"line":10,"column":52}},"line":10},"3":{"name":"(anonymous_3)","decl":{"start":{"line":11,"column":22},"end":{"line":11,"column":23}},"loc":{"start":{"line":11,"column":31},"end":{"line":11,"column":68}},"line":11},"4":{"name":"(anonymous_4)","decl":{"start":{"line":18,"column":4},"end":{"line":18,"column":5}},"loc":{"start":{"line":19,"column":4},"end":{"line":19,"column":93}},"line":19},"5":{"name":"(anonymous_5)","decl":{"start":{"line":20,"column":4},"end":{"line":20,"column":5}},"loc":{"start":{"line":21,"column":4},"end":{"line":21,"column":97}},"line":21},"6":{"name":"(anonymous_6)","decl":{"start":{"line":23,"column":4},"end":{"line":23,"column":5}},"loc":{"start":{"line":24,"column":4},"end":{"line":29,"column":10}},"line":24},"7":{"name":"(anonymous_7)","decl":{"start":{"line":31,"column":4},"end":{"line":31,"column":5}},"loc":{"start":{"line":32,"column":4},"end":{"line":37,"column":10}},"line":32},"8":{"name":"(anonymous_8)","decl":{"start":{"line":39,"column":4},"end":{"line":39,"column":5}},"loc":{"start":{"line":40,"column":4},"end":{"line":45,"column":10}},"line":40},"9":{"name":"(anonymous_9)","decl":{"start":{"line":47,"column":24},"end":{"line":47,"column":25}},"loc":{"start":{"line":47,"column":33},"end":{"line":47,"column":72}},"line":47},"10":{"name":"(anonymous_10)","decl":{"start":{"line":49,"column":4},"end":{"line":49,"column":5}},"loc":{"start":{"line":49,"column":14},"end":{"line":49,"column":64}},"line":49}},"branchMap":{"0":{"loc":{"start":{"line":19,"column":4},"end":{"line":19,"column":93}},"type":"cond-expr","locations":[{"start":{"line":19,"column":25},"end":{"line":19,"column":88}},{"start":{"line":19,"column":91},"end":{"line":19,"column":93}}],"line":19},"1":{"loc":{"start":{"line":21,"column":4},"end":{"line":21,"column":97}},"type":"cond-expr","locations":[{"start":{"line":21,"column":27},"end":{"line":21,"column":92}},{"start":{"line":21,"column":95},"end":{"line":21,"column":97}}],"line":21},"2":{"loc":{"start":{"line":24,"column":4},"end":{"line":29,"column":10}},"type":"cond-expr","locations":[{"start":{"line":25,"column":8},"end":{"line":28,"column":30}},{"start":{"line":29,"column":8},"end":{"line":29,"column":10}}],"line":24},"3":{"loc":{"start":{"line":32,"column":4},"end":{"line":37,"column":10}},"type":"cond-expr","locations":[{"start":{"line":33,"column":8},"end":{"line":36,"column":29}},{"start":{"line":37,"column":8},"end":{"line":37,"column":10}}],"line":32},"4":{"loc":{"start":{"line":40,"column":4},"end":{"line":45,"column":10}},"type":"cond-expr","locations":[{"start":{"line":41,"column":8},"end":{"line":44,"column":5}},{"start":{"line":45,"column":8},"end":{"line":45,"column":10}}],"line":40},"5":{"loc":{"start":{"line":49,"column":14},"end":{"line":49,"column":64}},"type":"cond-expr","locations":[{"start":{"line":49,"column":38},"end":{"line":49,"column":59}},{"start":{"line":49,"column":62},"end":{"line":49,"column":64}}],"line":49}},"s":{"0":1,"1":0,"2":0,"3":0,"4":0,"5":0,"6":0,"7":0,"8":0,"9":0,"10":0,"11":0},"f":{"0":0,"1":0,"2":0,"3":0,"4":0,"5":0,"6":0,"7":0,"8":0,"9":0,"10":0},"b":{"0":[0,0],"1":[0,0],"2":[0,0],"3":[0,0],"4":[0,0],"5":[0,0]},"_coverageSchema":"43e27e138ebf9cfc5966b082cf9a028302ed4184","hash":"c7b170849c043ec9190500b73bd44abf5ab7981c"}
,"/Users/prikumar3/TCP/tcp-unified-experience/packages/core/src/components/common/atoms/TextBox/views/TextBox.jsx": {"path":"/Users/prikumar3/TCP/tcp-unified-experience/packages/core/src/components/common/atoms/TextBox/views/TextBox.jsx","statementMap":{"0":{"start":{"line":27,"column":16},"end":{"line":49,"column":1}},"1":{"start":{"line":38,"column":2},"end":{"line":48,"column":4}},"2":{"start":{"line":51,"column":0},"end":{"line":60,"column":2}}},"fnMap":{"0":{"name":"(anonymous_0)","decl":{"start":{"line":27,"column":16},"end":{"line":27,"column":17}},"loc":{"start":{"line":38,"column":2},"end":{"line":48,"column":4}},"line":38},"1":{"name":"(anonymous_1)","decl":{"start":{"line":59,"column":19},"end":{"line":59,"column":20}},"loc":{"start":{"line":59,"column":25},"end":{"line":59,"column":27}},"line":59}},"branchMap":{},"s":{"0":1,"1":0,"2":1},"f":{"0":0,"1":0},"b":{},"_coverageSchema":"43e27e138ebf9cfc5966b082cf9a028302ed4184","hash":"2e5a843f316ab3d3e23dd3ba380180b996cace17"}
,"/Users/prikumar3/TCP/tcp-unified-experience/packages/core/src/components/common/hoc/errorBoundary.jsx": {"path":"/Users/prikumar3/TCP/tcp-unified-experience/packages/core/src/components/common/hoc/errorBoundary.jsx","statementMap":{"0":{"start":{"line":4,"column":2},"end":{"line":13,"column":4}},"1":{"start":{"line":6,"column":6},"end":{"line":6,"column":89}},"2":{"start":{"line":7,"column":6},"end":{"line":7,"column":49}},"3":{"start":{"line":11,"column":6},"end":{"line":11,"column":50}}},"fnMap":{"0":{"name":"(anonymous_0)","decl":{"start":{"line":3,"column":15},"end":{"line":3,"column":16}},"loc":{"start":{"line":3,"column":42},"end":{"line":14,"column":1}},"line":3},"1":{"name":"(anonymous_1)","decl":{"start":{"line":5,"column":4},"end":{"line":5,"column":5}},"loc":{"start":{"line":5,"column":35},"end":{"line":8,"column":5}},"line":5},"2":{"name":"(anonymous_2)","decl":{"start":{"line":10,"column":4},"end":{"line":10,"column":5}},"loc":{"start":{"line":10,"column":13},"end":{"line":12,"column":5}},"line":10}},"branchMap":{},"s":{"0":1,"1":0,"2":0,"3":1},"f":{"0":1,"1":0,"2":1},"b":{},"_coverageSchema":"43e27e138ebf9cfc5966b082cf9a028302ed4184","hash":"a620684895b9b60f955411805d780fb79a3dbc37"}
,"/Users/prikumar3/TCP/tcp-unified-experience/packages/core/src/components/common/hoc/withStyles.js": {"path":"/Users/prikumar3/TCP/tcp-unified-experience/packages/core/src/components/common/hoc/withStyles.js","statementMap":{"0":{"start":{"line":3,"column":45},"end":{"line":5,"column":1}}},"fnMap":{"0":{"name":"(anonymous_0)","decl":{"start":{"line":3,"column":15},"end":{"line":3,"column":16}},"loc":{"start":{"line":3,"column":45},"end":{"line":5,"column":1}},"line":3}},"branchMap":{},"s":{"0":21},"f":{"0":21},"b":{},"_coverageSchema":"43e27e138ebf9cfc5966b082cf9a028302ed4184","hash":"3a7a063b61fb8aba679461fab8eb3867fe262ce2"}
,"/Users/prikumar3/TCP/tcp-unified-experience/packages/core/src/components/common/molecules/Carousel/Carousel.jsx": {"path":"/Users/prikumar3/TCP/tcp-unified-experience/packages/core/src/components/common/molecules/Carousel/Carousel.jsx","statementMap":{"0":{"start":{"line":14,"column":17},"end":{"line":14,"column":48}},"1":{"start":{"line":16,"column":17},"end":{"line":26,"column":1}},"2":{"start":{"line":17,"column":19},"end":{"line":17,"column":46}},"3":{"start":{"line":19,"column":2},"end":{"line":25,"column":4}},"4":{"start":{"line":28,"column":0},"end":{"line":35,"column":2}},"5":{"start":{"line":37,"column":0},"end":{"line":44,"column":2}}},"fnMap":{"0":{"name":"(anonymous_0)","decl":{"start":{"line":16,"column":17},"end":{"line":16,"column":18}},"loc":{"start":{"line":16,"column":59},"end":{"line":26,"column":1}},"line":16}},"branchMap":{"0":{"loc":{"start":{"line":22,"column":9},"end":{"line":22,"column":36}},"type":"cond-expr","locations":[{"start":{"line":22,"column":21},"end":{"line":22,"column":25}},{"start":{"line":22,"column":28},"end":{"line":22,"column":36}}],"line":22}},"s":{"0":2,"1":2,"2":0,"3":0,"4":2,"5":2},"f":{"0":0},"b":{"0":[0,0]},"_coverageSchema":"43e27e138ebf9cfc5966b082cf9a028302ed4184","hash":"4e93d9bcf48551ab05d52478c122c555dbc53774"}
,"/Users/prikumar3/TCP/tcp-unified-experience/packages/core/src/components/common/molecules/Carousel/CarouselStyle.js": {"path":"/Users/prikumar3/TCP/tcp-unified-experience/packages/core/src/components/common/molecules/Carousel/CarouselStyle.js","statementMap":{"0":{"start":{"line":4,"column":18},"end":{"line":4,"column":49}},"1":{"start":{"line":5,"column":19},"end":{"line":5,"column":51}},"2":{"start":{"line":6,"column":22},"end":{"line":219,"column":1}},"3":{"start":{"line":112,"column":34},"end":{"line":112,"column":89}},"4":{"start":{"line":119,"column":34},"end":{"line":119,"column":89}},"5":{"start":{"line":128,"column":34},"end":{"line":128,"column":89}},"6":{"start":{"line":132,"column":34},"end":{"line":132,"column":89}}},"fnMap":{"0":{"name":"(anonymous_0)","decl":{"start":{"line":112,"column":24},"end":{"line":112,"column":25}},"loc":{"start":{"line":112,"column":34},"end":{"line":112,"column":89}},"line":112},"1":{"name":"(anonymous_1)","decl":{"start":{"line":119,"column":24},"end":{"line":119,"column":25}},"loc":{"start":{"line":119,"column":34},"end":{"line":119,"column":89}},"line":119},"2":{"name":"(anonymous_2)","decl":{"start":{"line":128,"column":24},"end":{"line":128,"column":25}},"loc":{"start":{"line":128,"column":34},"end":{"line":128,"column":89}},"line":128},"3":{"name":"(anonymous_3)","decl":{"start":{"line":132,"column":24},"end":{"line":132,"column":25}},"loc":{"start":{"line":132,"column":34},"end":{"line":132,"column":89}},"line":132}},"branchMap":{"0":{"loc":{"start":{"line":112,"column":34},"end":{"line":112,"column":89}},"type":"cond-expr","locations":[{"start":{"line":112,"column":67},"end":{"line":112,"column":77}},{"start":{"line":112,"column":80},"end":{"line":112,"column":89}}],"line":112},"1":{"loc":{"start":{"line":119,"column":34},"end":{"line":119,"column":89}},"type":"cond-expr","locations":[{"start":{"line":119,"column":67},"end":{"line":119,"column":77}},{"start":{"line":119,"column":80},"end":{"line":119,"column":89}}],"line":119},"2":{"loc":{"start":{"line":128,"column":34},"end":{"line":128,"column":89}},"type":"cond-expr","locations":[{"start":{"line":128,"column":67},"end":{"line":128,"column":77}},{"start":{"line":128,"column":80},"end":{"line":128,"column":89}}],"line":128},"3":{"loc":{"start":{"line":132,"column":34},"end":{"line":132,"column":89}},"type":"cond-expr","locations":[{"start":{"line":132,"column":67},"end":{"line":132,"column":77}},{"start":{"line":132,"column":80},"end":{"line":132,"column":89}}],"line":132}},"s":{"0":2,"1":2,"2":2,"3":0,"4":0,"5":0,"6":0},"f":{"0":0,"1":0,"2":0,"3":0},"b":{"0":[0,0],"1":[0,0],"2":[0,0],"3":[0,0]},"_coverageSchema":"43e27e138ebf9cfc5966b082cf9a028302ed4184","hash":"cbe8da7a7582d4f70166aeb669ab4bddbd45c3ce"}
,"/Users/prikumar3/TCP/tcp-unified-experience/packages/core/src/components/common/molecules/Carousel/config.js": {"path":"/Users/prikumar3/TCP/tcp-unified-experience/packages/core/src/components/common/molecules/Carousel/config.js","statementMap":{"0":{"start":{"line":7,"column":24},"end":{"line":7,"column":29}},"1":{"start":{"line":8,"column":15},"end":{"line":49,"column":1}}},"fnMap":{},"branchMap":{},"s":{"0":2,"1":2},"f":{},"b":{},"_coverageSchema":"43e27e138ebf9cfc5966b082cf9a028302ed4184","hash":"ba60e2948d8f74c2421845aaafc1b2dc9336c513"}
,"/Users/prikumar3/TCP/tcp-unified-experience/packages/core/src/components/common/molecules/Carousel/index.js": {"path":"/Users/prikumar3/TCP/tcp-unified-experience/packages/core/src/components/common/molecules/Carousel/index.js","statementMap":{},"fnMap":{},"branchMap":{},"s":{},"f":{},"b":{},"_coverageSchema":"43e27e138ebf9cfc5966b082cf9a028302ed4184","hash":"a21104b5dfcbffdfbed224bd2f4c60562e229d5c"}
,"/Users/prikumar3/TCP/tcp-unified-experience/packages/core/src/components/common/molecules/Grid/Grid.style.js": {"path":"/Users/prikumar3/TCP/tcp-unified-experience/packages/core/src/components/common/molecules/Grid/Grid.style.js","statementMap":{"0":{"start":{"line":3,"column":19},"end":{"line":5,"column":1}},"1":{"start":{"line":4,"column":14},"end":{"line":4,"column":64}}},"fnMap":{"0":{"name":"(anonymous_0)","decl":{"start":{"line":4,"column":4},"end":{"line":4,"column":5}},"loc":{"start":{"line":4,"column":14},"end":{"line":4,"column":64}},"line":4}},"branchMap":{"0":{"loc":{"start":{"line":4,"column":14},"end":{"line":4,"column":64}},"type":"cond-expr","locations":[{"start":{"line":4,"column":38},"end":{"line":4,"column":59}},{"start":{"line":4,"column":62},"end":{"line":4,"column":64}}],"line":4}},"s":{"0":2,"1":0},"f":{"0":0},"b":{"0":[0,0]},"_coverageSchema":"43e27e138ebf9cfc5966b082cf9a028302ed4184","hash":"d151daf955521b8ec9ed3490f195936d07373ccc"}
,"/Users/prikumar3/TCP/tcp-unified-experience/packages/core/src/components/common/molecules/Grid/index.js": {"path":"/Users/prikumar3/TCP/tcp-unified-experience/packages/core/src/components/common/molecules/Grid/index.js","statementMap":{},"fnMap":{},"branchMap":{},"s":{},"f":{},"b":{},"_coverageSchema":"43e27e138ebf9cfc5966b082cf9a028302ed4184","hash":"8e3877715a02e7c206c0a0310932d230916a150b"}
,"/Users/prikumar3/TCP/tcp-unified-experience/packages/core/src/components/common/molecules/Grid/views/Grid.jsx": {"path":"/Users/prikumar3/TCP/tcp-unified-experience/packages/core/src/components/common/molecules/Grid/views/Grid.jsx","statementMap":{"0":{"start":{"line":7,"column":13},"end":{"line":7,"column":85}},"1":{"start":{"line":7,"column":42},"end":{"line":7,"column":85}},"2":{"start":{"line":9,"column":0},"end":{"line":12,"column":2}}},"fnMap":{"0":{"name":"(anonymous_0)","decl":{"start":{"line":7,"column":13},"end":{"line":7,"column":14}},"loc":{"start":{"line":7,"column":42},"end":{"line":7,"column":85}},"line":7}},"branchMap":{},"s":{"0":2,"1":1,"2":2},"f":{"0":1},"b":{},"_coverageSchema":"43e27e138ebf9cfc5966b082cf9a028302ed4184","hash":"84cc9b9b22c0c401f98608985859ca71102439bc"}
,"/Users/prikumar3/TCP/tcp-unified-experience/packages/core/src/components/common/molecules/Grid/views/index.js": {"path":"/Users/prikumar3/TCP/tcp-unified-experience/packages/core/src/components/common/molecules/Grid/views/index.js","statementMap":{},"fnMap":{},"branchMap":{},"s":{},"f":{},"b":{},"_coverageSchema":"43e27e138ebf9cfc5966b082cf9a028302ed4184","hash":"c82d20c4a27c38cf1f627d3db7f01efc5a4929d7"}
,"/Users/prikumar3/TCP/tcp-unified-experience/packages/core/src/components/common/molecules/Modal/Modal.jsx": {"path":"/Users/prikumar3/TCP/tcp-unified-experience/packages/core/src/components/common/molecules/Modal/Modal.jsx","statementMap":{"0":{"start":{"line":19,"column":2},"end":{"line":19,"column":54}},"1":{"start":{"line":22,"column":14},"end":{"line":40,"column":1}},"2":{"start":{"line":23,"column":44},"end":{"line":23,"column":54}},"3":{"start":{"line":24,"column":17},"end":{"line":24,"column":52}},"4":{"start":{"line":26,"column":2},"end":{"line":39,"column":4}},"5":{"start":{"line":42,"column":0},"end":{"line":44,"column":2}}},"fnMap":{"0":{"name":"getParent","decl":{"start":{"line":18,"column":9},"end":{"line":18,"column":18}},"loc":{"start":{"line":18,"column":21},"end":{"line":20,"column":1}},"line":18},"1":{"name":"(anonymous_1)","decl":{"start":{"line":22,"column":14},"end":{"line":22,"column":15}},"loc":{"start":{"line":22,"column":47},"end":{"line":40,"column":1}},"line":22}},"branchMap":{"0":{"loc":{"start":{"line":24,"column":17},"end":{"line":24,"column":52}},"type":"binary-expr","locations":[{"start":{"line":24,"column":17},"end":{"line":24,"column":23}},{"start":{"line":24,"column":27},"end":{"line":24,"column":52}}],"line":24}},"s":{"0":0,"1":1,"2":1,"3":1,"4":1,"5":1},"f":{"0":0,"1":1},"b":{"0":[1,1]},"_coverageSchema":"43e27e138ebf9cfc5966b082cf9a028302ed4184","hash":"f12db809ad6eb6d39c2863d0c838a38cd94b4ca9"}
,"/Users/prikumar3/TCP/tcp-unified-experience/packages/core/src/components/common/molecules/Modal/ModalCloseIcon.jsx": {"path":"/Users/prikumar3/TCP/tcp-unified-experience/packages/core/src/components/common/molecules/Modal/ModalCloseIcon.jsx","statementMap":{"0":{"start":{"line":5,"column":20},"end":{"line":14,"column":1}},"1":{"start":{"line":16,"column":23},"end":{"line":16,"column":85}},"2":{"start":{"line":16,"column":42},"end":{"line":16,"column":85}},"3":{"start":{"line":16,"column":69},"end":{"line":16,"column":81}},"4":{"start":{"line":18,"column":0},"end":{"line":20,"column":2}}},"fnMap":{"0":{"name":"(anonymous_0)","decl":{"start":{"line":16,"column":23},"end":{"line":16,"column":24}},"loc":{"start":{"line":16,"column":42},"end":{"line":16,"column":85}},"line":16},"1":{"name":"(anonymous_1)","decl":{"start":{"line":16,"column":64},"end":{"line":16,"column":65}},"loc":{"start":{"line":16,"column":69},"end":{"line":16,"column":81}},"line":16}},"branchMap":{},"s":{"0":1,"1":1,"2":0,"3":0,"4":1},"f":{"0":0,"1":0},"b":{},"_coverageSchema":"43e27e138ebf9cfc5966b082cf9a028302ed4184","hash":"3017edc8226e9d40d7d95fddb99a653c75e8bdcd"}
,"/Users/prikumar3/TCP/tcp-unified-experience/packages/core/src/components/common/molecules/Modal/ModalHeader.jsx": {"path":"/Users/prikumar3/TCP/tcp-unified-experience/packages/core/src/components/common/molecules/Modal/ModalHeader.jsx","statementMap":{"0":{"start":{"line":6,"column":14},"end":{"line":10,"column":1}},"1":{"start":{"line":8,"column":24},"end":{"line":8,"column":67}},"2":{"start":{"line":9,"column":26},"end":{"line":9,"column":60}},"3":{"start":{"line":12,"column":20},"end":{"line":17,"column":1}},"4":{"start":{"line":13,"column":2},"end":{"line":16,"column":13}},"5":{"start":{"line":19,"column":0},"end":{"line":22,"column":2}}},"fnMap":{"0":{"name":"(anonymous_0)","decl":{"start":{"line":8,"column":15},"end":{"line":8,"column":16}},"loc":{"start":{"line":8,"column":24},"end":{"line":8,"column":67}},"line":8},"1":{"name":"(anonymous_1)","decl":{"start":{"line":9,"column":17},"end":{"line":9,"column":18}},"loc":{"start":{"line":9,"column":26},"end":{"line":9,"column":60}},"line":9},"2":{"name":"(anonymous_2)","decl":{"start":{"line":12,"column":20},"end":{"line":12,"column":21}},"loc":{"start":{"line":13,"column":2},"end":{"line":16,"column":13}},"line":13}},"branchMap":{},"s":{"0":1,"1":0,"2":0,"3":1,"4":0,"5":1},"f":{"0":0,"1":0,"2":0},"b":{},"_coverageSchema":"43e27e138ebf9cfc5966b082cf9a028302ed4184","hash":"23e8d988898ef512620249f266a56bcd68509fed"}
,"/Users/prikumar3/TCP/tcp-unified-experience/packages/core/src/components/common/molecules/Modal/ModalStyle.js": {"path":"/Users/prikumar3/TCP/tcp-unified-experience/packages/core/src/components/common/molecules/Modal/ModalStyle.js","statementMap":{"0":{"start":{"line":3,"column":19},"end":{"line":23,"column":1}},"1":{"start":{"line":10,"column":33},"end":{"line":10,"column":65}},"2":{"start":{"line":11,"column":24},"end":{"line":11,"column":58}},"3":{"start":{"line":14,"column":27},"end":{"line":14,"column":51}},"4":{"start":{"line":21,"column":15},"end":{"line":21,"column":47}}},"fnMap":{"0":{"name":"(anonymous_0)","decl":{"start":{"line":10,"column":24},"end":{"line":10,"column":25}},"loc":{"start":{"line":10,"column":33},"end":{"line":10,"column":65}},"line":10},"1":{"name":"(anonymous_1)","decl":{"start":{"line":11,"column":15},"end":{"line":11,"column":16}},"loc":{"start":{"line":11,"column":24},"end":{"line":11,"column":58}},"line":11},"2":{"name":"(anonymous_2)","decl":{"start":{"line":14,"column":18},"end":{"line":14,"column":19}},"loc":{"start":{"line":14,"column":27},"end":{"line":14,"column":51}},"line":14},"3":{"name":"(anonymous_3)","decl":{"start":{"line":21,"column":6},"end":{"line":21,"column":7}},"loc":{"start":{"line":21,"column":15},"end":{"line":21,"column":47}},"line":21}},"branchMap":{},"s":{"0":1,"1":0,"2":0,"3":0,"4":0},"f":{"0":0,"1":0,"2":0,"3":0},"b":{},"_coverageSchema":"43e27e138ebf9cfc5966b082cf9a028302ed4184","hash":"ec55132fc92cae38936abbc732e71bb40b92e31e"}
,"/Users/prikumar3/TCP/tcp-unified-experience/packages/core/src/components/common/molecules/Modal/config.js": {"path":"/Users/prikumar3/TCP/tcp-unified-experience/packages/core/src/components/common/molecules/Modal/config.js","statementMap":{},"fnMap":{},"branchMap":{},"s":{},"f":{},"b":{},"_coverageSchema":"43e27e138ebf9cfc5966b082cf9a028302ed4184","hash":"7e4985fac03d39881b85faace972006b4d518bac"}
,"/Users/prikumar3/TCP/tcp-unified-experience/packages/core/src/components/features/myAccount/MyAccountLayoutContainer/MyAccountNavData.js": {"path":"/Users/prikumar3/TCP/tcp-unified-experience/packages/core/src/components/features/myAccount/MyAccountLayoutContainer/MyAccountNavData.js","statementMap":{"0":{"start":{"line":1,"column":16},"end":{"line":64,"column":1}}},"fnMap":{},"branchMap":{},"s":{"0":2},"f":{},"b":{},"_coverageSchema":"43e27e138ebf9cfc5966b082cf9a028302ed4184","hash":"cd436794a2b7f41987369a4d98382c05b4040e5d"}
,"/Users/prikumar3/TCP/tcp-unified-experience/packages/core/src/components/features/myAccount/MyAccountLayoutContainer/container/MyAccountLayout.container.jsx": {"path":"/Users/prikumar3/TCP/tcp-unified-experience/packages/core/src/components/features/myAccount/MyAccountLayoutContainer/container/MyAccountLayout.container.jsx","statementMap":{"0":{"start":{"line":10,"column":33},"end":{"line":12,"column":1}},"1":{"start":{"line":11,"column":2},"end":{"line":11,"column":73}}},"fnMap":{"0":{"name":"(anonymous_0)","decl":{"start":{"line":10,"column":33},"end":{"line":10,"column":34}},"loc":{"start":{"line":10,"column":61},"end":{"line":12,"column":1}},"line":10}},"branchMap":{},"s":{"0":1,"1":1},"f":{"0":1},"b":{},"_coverageSchema":"43e27e138ebf9cfc5966b082cf9a028302ed4184","hash":"3709b337fa41aafd0b77e229919299e146ab8c4a"}
,"/Users/prikumar3/TCP/tcp-unified-experience/packages/core/src/components/features/myAccount/MyAccountLayoutContainer/styles/MyAccount.style.js": {"path":"/Users/prikumar3/TCP/tcp-unified-experience/packages/core/src/components/features/myAccount/MyAccountLayoutContainer/styles/MyAccount.style.js","statementMap":{},"fnMap":{},"branchMap":{},"s":{},"f":{},"b":{},"_coverageSchema":"43e27e138ebf9cfc5966b082cf9a028302ed4184","hash":"fa1f3b5ae78fec3f0281624efecf8741a0d9afd0"}
,"/Users/prikumar3/TCP/tcp-unified-experience/packages/core/src/components/features/myAccount/MyAccountLayoutContainer/views/MyAccountLayout.view.jsx": {"path":"/Users/prikumar3/TCP/tcp-unified-experience/packages/core/src/components/features/myAccount/MyAccountLayoutContainer/views/MyAccountLayout.view.jsx","statementMap":{"0":{"start":{"line":31,"column":4},"end":{"line":31,"column":17}},"1":{"start":{"line":32,"column":4},"end":{"line":32,"column":49}},"2":{"start":{"line":33,"column":4},"end":{"line":33,"column":63}},"3":{"start":{"line":34,"column":23},"end":{"line":34,"column":28}},"4":{"start":{"line":35,"column":4},"end":{"line":37,"column":6}},"5":{"start":{"line":45,"column":15},"end":{"line":62,"column":3}},"6":{"start":{"line":46,"column":25},"end":{"line":46,"column":35}},"7":{"start":{"line":47,"column":24},"end":{"line":47,"column":44}},"8":{"start":{"line":48,"column":4},"end":{"line":61,"column":6}},"9":{"start":{"line":68,"column":22},"end":{"line":78,"column":3}},"10":{"start":{"line":69,"column":4},"end":{"line":77,"column":6}},"11":{"start":{"line":72,"column":10},"end":{"line":74,"column":12}},"12":{"start":{"line":86,"column":50},"end":{"line":86,"column":60}},"13":{"start":{"line":87,"column":4},"end":{"line":108,"column":6}},"14":{"start":{"line":94,"column":18},"end":{"line":99,"column":20}}},"fnMap":{"0":{"name":"(anonymous_0)","decl":{"start":{"line":30,"column":2},"end":{"line":30,"column":3}},"loc":{"start":{"line":30,"column":28},"end":{"line":38,"column":3}},"line":30},"1":{"name":"(anonymous_1)","decl":{"start":{"line":45,"column":15},"end":{"line":45,"column":16}},"loc":{"start":{"line":45,"column":28},"end":{"line":62,"column":3}},"line":45},"2":{"name":"(anonymous_2)","decl":{"start":{"line":68,"column":22},"end":{"line":68,"column":23}},"loc":{"start":{"line":68,"column":35},"end":{"line":78,"column":3}},"line":68},"3":{"name":"(anonymous_3)","decl":{"start":{"line":71,"column":29},"end":{"line":71,"column":30}},"loc":{"start":{"line":71,"column":43},"end":{"line":75,"column":9}},"line":71},"4":{"name":"(anonymous_4)","decl":{"start":{"line":85,"column":2},"end":{"line":85,"column":3}},"loc":{"start":{"line":85,"column":11},"end":{"line":109,"column":3}},"line":85},"5":{"name":"(anonymous_5)","decl":{"start":{"line":93,"column":28},"end":{"line":93,"column":29}},"loc":{"start":{"line":93,"column":35},"end":{"line":100,"column":17}},"line":93}},"branchMap":{"0":{"loc":{"start":{"line":57,"column":37},"end":{"line":57,"column":62}},"type":"binary-expr","locations":[{"start":{"line":57,"column":37},"end":{"line":57,"column":48}},{"start":{"line":57,"column":52},"end":{"line":57,"column":62}}],"line":57},"1":{"loc":{"start":{"line":92,"column":15},"end":{"line":100,"column":18}},"type":"binary-expr","locations":[{"start":{"line":92,"column":15},"end":{"line":92,"column":22}},{"start":{"line":93,"column":16},"end":{"line":100,"column":18}}],"line":92},"2":{"loc":{"start":{"line":97,"column":23},"end":{"line":97,"column":73}},"type":"binary-expr","locations":[{"start":{"line":97,"column":23},"end":{"line":97,"column":38}},{"start":{"line":97,"column":42},"end":{"line":97,"column":73}}],"line":97}},"s":{"0":3,"1":3,"2":3,"3":3,"4":3,"5":3,"6":12,"7":12,"8":12,"9":3,"10":1,"11":1,"12":3,"13":3,"14":11},"f":{"0":3,"1":12,"2":1,"3":1,"4":3,"5":11},"b":{"0":[12,1],"1":[3,3],"2":[11,1]},"_coverageSchema":"43e27e138ebf9cfc5966b082cf9a028302ed4184","hash":"fad2d0c616b4c6ee8edd5f7785f6fd13266dab9f"}
,"/Users/prikumar3/TCP/tcp-unified-experience/packages/core/src/utils/url.js": {"path":"/Users/prikumar3/TCP/tcp-unified-experience/packages/core/src/utils/url.js","statementMap":{"0":{"start":{"line":1,"column":37},"end":{"line":8,"column":1}},"1":{"start":{"line":2,"column":22},"end":{"line":2,"column":24}},"2":{"start":{"line":3,"column":15},"end":{"line":3,"column":33}},"3":{"start":{"line":4,"column":2},"end":{"line":6,"column":3}},"4":{"start":{"line":4,"column":15},"end":{"line":4,"column":16}},"5":{"start":{"line":4,"column":22},"end":{"line":4,"column":33}},"6":{"start":{"line":5,"column":4},"end":{"line":5,"column":53}},"7":{"start":{"line":7,"column":2},"end":{"line":7,"column":31}},"8":{"start":{"line":10,"column":24},"end":{"line":20,"column":1}},"9":{"start":{"line":11,"column":2},"end":{"line":18,"column":3}},"10":{"start":{"line":12,"column":32},"end":{"line":12,"column":39}},"11":{"start":{"line":13,"column":14},"end":{"line":13,"column":22}},"12":{"start":{"line":14,"column":4},"end":{"line":16,"column":5}},"13":{"start":{"line":15,"column":6},"end":{"line":15,"column":48}},"14":{"start":{"line":17,"column":4},"end":{"line":17,"column":15}},"15":{"start":{"line":19,"column":2},"end":{"line":19,"column":17}}},"fnMap":{"0":{"name":"(anonymous_0)","decl":{"start":{"line":1,"column":37},"end":{"line":1,"column":38}},"loc":{"start":{"line":1,"column":53},"end":{"line":8,"column":1}},"line":1},"1":{"name":"(anonymous_1)","decl":{"start":{"line":10,"column":24},"end":{"line":10,"column":25}},"loc":{"start":{"line":10,"column":35},"end":{"line":20,"column":1}},"line":10}},"branchMap":{"0":{"loc":{"start":{"line":1,"column":38},"end":{"line":1,"column":48}},"type":"default-arg","locations":[{"start":{"line":1,"column":46},"end":{"line":1,"column":48}}],"line":1},"1":{"loc":{"start":{"line":11,"column":2},"end":{"line":18,"column":3}},"type":"if","locations":[{"start":{"line":11,"column":2},"end":{"line":18,"column":3}},{"start":{"line":11,"column":2},"end":{"line":18,"column":3}}],"line":11},"2":{"loc":{"start":{"line":14,"column":4},"end":{"line":16,"column":5}},"type":"if","locations":[{"start":{"line":14,"column":4},"end":{"line":16,"column":5}},{"start":{"line":14,"column":4},"end":{"line":16,"column":5}}],"line":14}},"s":{"0":1,"1":0,"2":0,"3":0,"4":0,"5":0,"6":0,"7":0,"8":1,"9":1,"10":0,"11":0,"12":0,"13":0,"14":0,"15":1},"f":{"0":0,"1":1},"b":{"0":[0],"1":[0,1],"2":[0,0]},"_coverageSchema":"43e27e138ebf9cfc5966b082cf9a028302ed4184","hash":"d089ae9e1e61036aebaae825fa57e9ac73d684d3"}
,"/Users/prikumar3/TCP/tcp-unified-experience/packages/core/styles/themes/TCP/colors.js": {"path":"/Users/prikumar3/TCP/tcp-unified-experience/packages/core/styles/themes/TCP/colors.js","statementMap":{},"fnMap":{},"branchMap":{},"s":{},"f":{},"b":{},"_coverageSchema":"43e27e138ebf9cfc5966b082cf9a028302ed4184","hash":"24a0b30f0d324058a21ed1a267aed05265495f92"}
,"/Users/prikumar3/TCP/tcp-unified-experience/packages/core/styles/themes/TCP/fonts.js": {"path":"/Users/prikumar3/TCP/tcp-unified-experience/packages/core/styles/themes/TCP/fonts.js","statementMap":{"0":{"start":{"line":1,"column":22},"end":{"line":1,"column":52}},"1":{"start":{"line":2,"column":21},"end":{"line":2,"column":51}},"2":{"start":{"line":3,"column":23},"end":{"line":3,"column":49}},"3":{"start":{"line":4,"column":30},"end":{"line":4,"column":69}},"4":{"start":{"line":5,"column":32},"end":{"line":5,"column":67}},"5":{"start":{"line":6,"column":27},"end":{"line":6,"column":63}},"6":{"start":{"line":7,"column":29},"end":{"line":7,"column":61}},"7":{"start":{"line":9,"column":18},"end":{"line":78,"column":1}},"8":{"start":{"line":80,"column":20},"end":{"line":87,"column":1}},"9":{"start":{"line":89,"column":20},"end":{"line":94,"column":1}},"10":{"start":{"line":96,"column":23},"end":{"line":99,"column":1}}},"fnMap":{},"branchMap":{},"s":{"0":4,"1":4,"2":4,"3":4,"4":4,"5":4,"6":4,"7":4,"8":4,"9":4,"10":4},"f":{},"b":{},"_coverageSchema":"43e27e138ebf9cfc5966b082cf9a028302ed4184","hash":"ba288ec0a94fa376218c2e7a713f092b908af46b"}
,"/Users/prikumar3/TCP/tcp-unified-experience/packages/core/styles/themes/TCP/gridDimensions.js": {"path":"/Users/prikumar3/TCP/tcp-unified-experience/packages/core/styles/themes/TCP/gridDimensions.js","statementMap":{},"fnMap":{},"branchMap":{},"s":{},"f":{},"b":{},"_coverageSchema":"43e27e138ebf9cfc5966b082cf9a028302ed4184","hash":"283620e1cc0b245d0c29196035c46010d6807c36"}
,"/Users/prikumar3/TCP/tcp-unified-experience/packages/core/styles/themes/TCP/index.js": {"path":"/Users/prikumar3/TCP/tcp-unified-experience/packages/core/styles/themes/TCP/index.js","statementMap":{"0":{"start":{"line":10,"column":14},"end":{"line":19,"column":1}}},"fnMap":{},"branchMap":{},"s":{"0":4},"f":{},"b":{},"_coverageSchema":"43e27e138ebf9cfc5966b082cf9a028302ed4184","hash":"860a9b6a3a26b345930b28b4c019b8958c33ef5b"}
,"/Users/prikumar3/TCP/tcp-unified-experience/packages/core/styles/themes/TCP/mediaQuery.js": {"path":"/Users/prikumar3/TCP/tcp-unified-experience/packages/core/styles/themes/TCP/mediaQuery.js","statementMap":{"0":{"start":{"line":1,"column":27},"end":{"line":9,"column":1}},"1":{"start":{"line":11,"column":26},"end":{"line":34,"column":1}}},"fnMap":{},"branchMap":{},"s":{"0":4,"1":4},"f":{},"b":{},"_coverageSchema":"43e27e138ebf9cfc5966b082cf9a028302ed4184","hash":"0bdbf59b760c4dbc784159391cc91d13351fac38"}
,"/Users/prikumar3/TCP/tcp-unified-experience/packages/core/styles/themes/TCP/opacity.js": {"path":"/Users/prikumar3/TCP/tcp-unified-experience/packages/core/styles/themes/TCP/opacity.js","statementMap":{},"fnMap":{},"branchMap":{},"s":{},"f":{},"b":{},"_coverageSchema":"43e27e138ebf9cfc5966b082cf9a028302ed4184","hash":"bce0af520c3fe65026e75ffea0f5ef60ca13d8c9"}
,"/Users/prikumar3/TCP/tcp-unified-experience/packages/core/styles/themes/TCP/variables.js": {"path":"/Users/prikumar3/TCP/tcp-unified-experience/packages/core/styles/themes/TCP/variables.js","statementMap":{},"fnMap":{},"branchMap":{},"s":{},"f":{},"b":{},"_coverageSchema":"43e27e138ebf9cfc5966b082cf9a028302ed4184","hash":"10dac6d3b67db58608ccdec87ba6bfe06227622b"}
,"/Users/prikumar3/TCP/tcp-unified-experience/packages/core/styles/themes/TCP/zindex.js": {"path":"/Users/prikumar3/TCP/tcp-unified-experience/packages/core/styles/themes/TCP/zindex.js","statementMap":{},"fnMap":{},"branchMap":{},"s":{},"f":{},"b":{},"_coverageSchema":"43e27e138ebf9cfc5966b082cf9a028302ed4184","hash":"37154a570da806875ac9b33e9ee2aa9d2da51d7d"}
,"/Users/prikumar3/TCP/tcp-unified-experience/packages/web/src/components/common/molecules/Copyright/Copyright.style.js": {"path":"/Users/prikumar3/TCP/tcp-unified-experience/packages/web/src/components/common/molecules/Copyright/Copyright.style.js","statementMap":{"0":{"start":{"line":5,"column":26},"end":{"line":5,"column":63}},"1":{"start":{"line":7,"column":20},"end":{"line":7,"column":44}},"2":{"start":{"line":9,"column":20},"end":{"line":9,"column":48}},"3":{"start":{"line":10,"column":22},"end":{"line":10,"column":56}}},"fnMap":{"0":{"name":"(anonymous_0)","decl":{"start":{"line":5,"column":17},"end":{"line":5,"column":18}},"loc":{"start":{"line":5,"column":26},"end":{"line":5,"column":63}},"line":5},"1":{"name":"(anonymous_1)","decl":{"start":{"line":7,"column":11},"end":{"line":7,"column":12}},"loc":{"start":{"line":7,"column":20},"end":{"line":7,"column":44}},"line":7},"2":{"name":"(anonymous_2)","decl":{"start":{"line":9,"column":11},"end":{"line":9,"column":12}},"loc":{"start":{"line":9,"column":20},"end":{"line":9,"column":48}},"line":9},"3":{"name":"(anonymous_3)","decl":{"start":{"line":10,"column":13},"end":{"line":10,"column":14}},"loc":{"start":{"line":10,"column":22},"end":{"line":10,"column":56}},"line":10}},"branchMap":{},"s":{"0":0,"1":0,"2":0,"3":0},"f":{"0":0,"1":0,"2":0,"3":0},"b":{},"_coverageSchema":"43e27e138ebf9cfc5966b082cf9a028302ed4184","hash":"75b953ec20b75e84c8aeb5bfb6dc6d12c0134521"}
,"/Users/prikumar3/TCP/tcp-unified-experience/packages/web/src/components/common/molecules/Copyright/__tests__/mock.js": {"path":"/Users/prikumar3/TCP/tcp-unified-experience/packages/web/src/components/common/molecules/Copyright/__tests__/mock.js","statementMap":{},"fnMap":{},"branchMap":{},"s":{},"f":{},"b":{},"_coverageSchema":"43e27e138ebf9cfc5966b082cf9a028302ed4184","hash":"99a3d40afcf8750d3e94d7d9a742c688b300eb04"}
,"/Users/prikumar3/TCP/tcp-unified-experience/packages/web/src/components/common/molecules/Copyright/views/Copyright.jsx": {"path":"/Users/prikumar3/TCP/tcp-unified-experience/packages/web/src/components/common/molecules/Copyright/views/Copyright.jsx","statementMap":{"0":{"start":{"line":8,"column":18},"end":{"line":16,"column":1}},"1":{"start":{"line":9,"column":2},"end":{"line":15,"column":19}},"2":{"start":{"line":18,"column":0},"end":{"line":21,"column":2}}},"fnMap":{"0":{"name":"(anonymous_0)","decl":{"start":{"line":8,"column":18},"end":{"line":8,"column":19}},"loc":{"start":{"line":9,"column":2},"end":{"line":15,"column":19}},"line":9}},"branchMap":{},"s":{"0":1,"1":1,"2":1},"f":{"0":1},"b":{},"_coverageSchema":"43e27e138ebf9cfc5966b082cf9a028302ed4184","hash":"d85e5923734c1ea1a68555014f3a0697c330c19f"}
,"/Users/prikumar3/TCP/tcp-unified-experience/packages/web/src/components/common/molecules/Copyright/views/index.js": {"path":"/Users/prikumar3/TCP/tcp-unified-experience/packages/web/src/components/common/molecules/Copyright/views/index.js","statementMap":{},"fnMap":{},"branchMap":{},"s":{},"f":{},"b":{},"_coverageSchema":"43e27e138ebf9cfc5966b082cf9a028302ed4184","hash":"263ecbf5a1184fae77e915be56637df0d4d8ec10"}
,"/Users/prikumar3/TCP/tcp-unified-experience/packages/web/src/components/common/molecules/PromotionalArea/PromotionalArea.style.js": {"path":"/Users/prikumar3/TCP/tcp-unified-experience/packages/web/src/components/common/molecules/PromotionalArea/PromotionalArea.style.js","statementMap":{"0":{"start":{"line":4,"column":24},"end":{"line":4,"column":70}},"1":{"start":{"line":7,"column":33},"end":{"line":7,"column":64}},"2":{"start":{"line":8,"column":22},"end":{"line":8,"column":46}},"3":{"start":{"line":9,"column":28},"end":{"line":9,"column":65}},"4":{"start":{"line":12,"column":22},"end":{"line":12,"column":51}},"5":{"start":{"line":18,"column":28},"end":{"line":18,"column":65}},"6":{"start":{"line":21,"column":22},"end":{"line":21,"column":53}},"7":{"start":{"line":25,"column":22},"end":{"line":25,"column":50}},"8":{"start":{"line":26,"column":30},"end":{"line":26,"column":76}},"9":{"start":{"line":27,"column":28},"end":{"line":27,"column":74}},"10":{"start":{"line":32,"column":22},"end":{"line":32,"column":46}},"11":{"start":{"line":35,"column":22},"end":{"line":35,"column":51}},"12":{"start":{"line":36,"column":24},"end":{"line":36,"column":48}}},"fnMap":{"0":{"name":"(anonymous_0)","decl":{"start":{"line":4,"column":15},"end":{"line":4,"column":16}},"loc":{"start":{"line":4,"column":24},"end":{"line":4,"column":70}},"line":4},"1":{"name":"(anonymous_1)","decl":{"start":{"line":7,"column":24},"end":{"line":7,"column":25}},"loc":{"start":{"line":7,"column":33},"end":{"line":7,"column":64}},"line":7},"2":{"name":"(anonymous_2)","decl":{"start":{"line":8,"column":13},"end":{"line":8,"column":14}},"loc":{"start":{"line":8,"column":22},"end":{"line":8,"column":46}},"line":8},"3":{"name":"(anonymous_3)","decl":{"start":{"line":9,"column":19},"end":{"line":9,"column":20}},"loc":{"start":{"line":9,"column":28},"end":{"line":9,"column":65}},"line":9},"4":{"name":"(anonymous_4)","decl":{"start":{"line":12,"column":13},"end":{"line":12,"column":14}},"loc":{"start":{"line":12,"column":22},"end":{"line":12,"column":51}},"line":12},"5":{"name":"(anonymous_5)","decl":{"start":{"line":18,"column":19},"end":{"line":18,"column":20}},"loc":{"start":{"line":18,"column":28},"end":{"line":18,"column":65}},"line":18},"6":{"name":"(anonymous_6)","decl":{"start":{"line":21,"column":13},"end":{"line":21,"column":14}},"loc":{"start":{"line":21,"column":22},"end":{"line":21,"column":53}},"line":21},"7":{"name":"(anonymous_7)","decl":{"start":{"line":25,"column":13},"end":{"line":25,"column":14}},"loc":{"start":{"line":25,"column":22},"end":{"line":25,"column":50}},"line":25},"8":{"name":"(anonymous_8)","decl":{"start":{"line":26,"column":21},"end":{"line":26,"column":22}},"loc":{"start":{"line":26,"column":30},"end":{"line":26,"column":76}},"line":26},"9":{"name":"(anonymous_9)","decl":{"start":{"line":27,"column":19},"end":{"line":27,"column":20}},"loc":{"start":{"line":27,"column":28},"end":{"line":27,"column":74}},"line":27},"10":{"name":"(anonymous_10)","decl":{"start":{"line":32,"column":13},"end":{"line":32,"column":14}},"loc":{"start":{"line":32,"column":22},"end":{"line":32,"column":46}},"line":32},"11":{"name":"(anonymous_11)","decl":{"start":{"line":35,"column":13},"end":{"line":35,"column":14}},"loc":{"start":{"line":35,"column":22},"end":{"line":35,"column":51}},"line":35},"12":{"name":"(anonymous_12)","decl":{"start":{"line":36,"column":15},"end":{"line":36,"column":16}},"loc":{"start":{"line":36,"column":24},"end":{"line":36,"column":48}},"line":36}},"branchMap":{},"s":{"0":0,"1":0,"2":0,"3":0,"4":0,"5":0,"6":0,"7":0,"8":0,"9":0,"10":0,"11":0,"12":0},"f":{"0":0,"1":0,"2":0,"3":0,"4":0,"5":0,"6":0,"7":0,"8":0,"9":0,"10":0,"11":0,"12":0},"b":{},"_coverageSchema":"43e27e138ebf9cfc5966b082cf9a028302ed4184","hash":"2014c21e7ab76e3795a7d740569be91f10a1892f"}
,"/Users/prikumar3/TCP/tcp-unified-experience/packages/web/src/components/common/molecules/PromotionalArea/mock.js": {"path":"/Users/prikumar3/TCP/tcp-unified-experience/packages/web/src/components/common/molecules/PromotionalArea/mock.js","statementMap":{},"fnMap":{},"branchMap":{},"s":{},"f":{},"b":{},"_coverageSchema":"43e27e138ebf9cfc5966b082cf9a028302ed4184","hash":"b705bbabc6c5696c6cd315a04ca887b1adf1117c"}
,"/Users/prikumar3/TCP/tcp-unified-experience/packages/web/src/components/common/molecules/PromotionalArea/view/PromotionalArea.jsx": {"path":"/Users/prikumar3/TCP/tcp-unified-experience/packages/web/src/components/common/molecules/PromotionalArea/view/PromotionalArea.jsx","statementMap":{"0":{"start":{"line":9,"column":24},"end":{"line":28,"column":1}},"1":{"start":{"line":10,"column":25},"end":{"line":12,"column":42}},"2":{"start":{"line":13,"column":23},"end":{"line":15,"column":41}},"3":{"start":{"line":17,"column":2},"end":{"line":27,"column":4}},"4":{"start":{"line":22,"column":12},"end":{"line":22,"column":96}},"5":{"start":{"line":30,"column":0},"end":{"line":34,"column":2}}},"fnMap":{"0":{"name":"(anonymous_0)","decl":{"start":{"line":9,"column":24},"end":{"line":9,"column":25}},"loc":{"start":{"line":9,"column":57},"end":{"line":28,"column":1}},"line":9},"1":{"name":"(anonymous_1)","decl":{"start":{"line":21,"column":20},"end":{"line":21,"column":21}},"loc":{"start":{"line":21,"column":33},"end":{"line":23,"column":11}},"line":21}},"branchMap":{"0":{"loc":{"start":{"line":10,"column":25},"end":{"line":12,"column":42}},"type":"cond-expr","locations":[{"start":{"line":11,"column":6},"end":{"line":11,"column":37}},{"start":{"line":12,"column":6},"end":{"line":12,"column":42}}],"line":10},"1":{"loc":{"start":{"line":13,"column":23},"end":{"line":15,"column":41}},"type":"cond-expr","locations":[{"start":{"line":14,"column":6},"end":{"line":14,"column":41}},{"start":{"line":15,"column":6},"end":{"line":15,"column":41}}],"line":13}},"s":{"0":1,"1":0,"2":0,"3":0,"4":0,"5":1},"f":{"0":0,"1":0},"b":{"0":[0,0],"1":[0,0]},"_coverageSchema":"43e27e138ebf9cfc5966b082cf9a028302ed4184","hash":"baeefcf54ebdf2f2c37aec44cd47f80b3f042bff"}
,"/Users/prikumar3/TCP/tcp-unified-experience/packages/web/src/components/common/molecules/PromotionalArea/view/index.js": {"path":"/Users/prikumar3/TCP/tcp-unified-experience/packages/web/src/components/common/molecules/PromotionalArea/view/index.js","statementMap":{},"fnMap":{},"branchMap":{},"s":{},"f":{},"b":{},"_coverageSchema":"43e27e138ebf9cfc5966b082cf9a028302ed4184","hash":"bbb7430908c2e06559b4d27e0455f0c890b4ef83"}
,"/Users/prikumar3/TCP/tcp-unified-experience/packages/web/src/config/carousel.js": {"path":"/Users/prikumar3/TCP/tcp-unified-experience/packages/web/src/config/carousel.js","statementMap":{},"fnMap":{},"branchMap":{},"s":{},"f":{},"b":{},"_coverageSchema":"43e27e138ebf9cfc5966b082cf9a028302ed4184","hash":"41f24966280e0e0da9b907a34e384c82a58f09e1"}
,"/Users/prikumar3/TCP/tcp-unified-experience/packages/web/src/config/icons.js": {"path":"/Users/prikumar3/TCP/tcp-unified-experience/packages/web/src/config/icons.js","statementMap":{},"fnMap":{},"branchMap":{},"s":{},"f":{},"b":{},"_coverageSchema":"43e27e138ebf9cfc5966b082cf9a028302ed4184","hash":"57df07d4ea97f74866301491e9ededdb31e36d2d"}
,"/Users/prikumar3/TCP/tcp-unified-experience/packages/web/src/config/locators.js": {"path":"/Users/prikumar3/TCP/tcp-unified-experience/packages/web/src/config/locators.js","statementMap":{},"fnMap":{},"branchMap":{},"s":{},"f":{},"b":{},"_coverageSchema":"43e27e138ebf9cfc5966b082cf9a028302ed4184","hash":"0ef3dcea8bb46f21e68973eb0cce5362218e54ec"}
,"/Users/prikumar3/TCP/tcp-unified-experience/packages/web/src/utils/index.js": {"path":"/Users/prikumar3/TCP/tcp-unified-experience/packages/web/src/utils/index.js","statementMap":{},"fnMap":{},"branchMap":{},"s":{},"f":{},"b":{},"_coverageSchema":"43e27e138ebf9cfc5966b082cf9a028302ed4184","hash":"4e41c75fb29f9b580020c53da20f9d124f47dc55"}
,"/Users/prikumar3/TCP/tcp-unified-experience/packages/web/src/utils/utils.js": {"path":"/Users/prikumar3/TCP/tcp-unified-experience/packages/web/src/utils/utils.js","statementMap":{"0":{"start":{"line":8,"column":27},"end":{"line":10,"column":1}},"1":{"start":{"line":9,"column":2},"end":{"line":9,"column":21}},"2":{"start":{"line":16,"column":26},"end":{"line":18,"column":1}},"3":{"start":{"line":17,"column":2},"end":{"line":17,"column":27}}},"fnMap":{"0":{"name":"(anonymous_0)","decl":{"start":{"line":8,"column":27},"end":{"line":8,"column":28}},"loc":{"start":{"line":8,"column":35},"end":{"line":10,"column":1}},"line":8},"1":{"name":"(anonymous_1)","decl":{"start":{"line":16,"column":26},"end":{"line":16,"column":27}},"loc":{"start":{"line":16,"column":37},"end":{"line":18,"column":1}},"line":16}},"branchMap":{},"s":{"0":3,"1":4,"2":3,"3":1},"f":{"0":4,"1":1},"b":{},"_coverageSchema":"43e27e138ebf9cfc5966b082cf9a028302ed4184","hash":"08765d08464fbf418df7115cba5e6346712cc3d3"}
}
