TN:
SF:/Users/prikumar3/TCP/tcp-unified-experience/packages/core/src/components/common/atoms/Anchor/Anchor.style.js
FN:4,(anonymous_0)
FN:5,(anonymous_1)
FN:11,(anonymous_2)
FN:17,(anonymous_3)
FN:23,(anonymous_4)
FN:29,(anonymous_5)
FN:35,(anonymous_6)
FN:41,(anonymous_7)
FN:47,(anonymous_8)
FN:53,(anonymous_9)
FN:62,(anonymous_10)
FN:68,(anonymous_11)
FNF:12
FNH:0
FNDA:0,(anonymous_0)
FNDA:0,(anonymous_1)
FNDA:0,(anonymous_2)
FNDA:0,(anonymous_3)
FNDA:0,(anonymous_4)
FNDA:0,(anonymous_5)
FNDA:0,(anonymous_6)
FNDA:0,(anonymous_7)
FNDA:0,(anonymous_8)
FNDA:0,(anonymous_9)
FNDA:0,(anonymous_10)
FNDA:0,(anonymous_11)
DA:3,1
DA:4,0
DA:6,0
DA:12,0
DA:18,0
DA:24,0
DA:30,0
DA:36,0
DA:42,0
DA:48,0
DA:54,0
DA:63,0
DA:68,0
LF:13
LH:1
BRDA:6,0,0,0
BRDA:6,0,1,0
BRDA:12,1,0,0
BRDA:12,1,1,0
BRDA:18,2,0,0
BRDA:18,2,1,0
BRDA:24,3,0,0
BRDA:24,3,1,0
BRDA:30,4,0,0
BRDA:30,4,1,0
BRDA:36,5,0,0
BRDA:36,5,1,0
BRDA:42,6,0,0
BRDA:42,6,1,0
BRDA:48,7,0,0
BRDA:48,7,1,0
BRDA:54,8,0,0
BRDA:54,8,1,0
BRDA:63,9,0,0
BRDA:63,9,1,0
BRDA:68,10,0,0
BRDA:68,10,1,0
BRF:22
BRH:0
end_of_record
TN:
SF:/Users/prikumar3/TCP/tcp-unified-experience/packages/core/src/components/common/atoms/Anchor/views/Anchor.jsx
FN:20,(anonymous_0)
FN:69,(anonymous_1)
FNF:2
FNH:1
FNDA:1,(anonymous_0)
FNDA:0,(anonymous_1)
DA:20,1
DA:33,1
DA:52,1
DA:65,1
LF:4
LH:4
BRDA:33,0,0,0
BRDA:33,0,1,1
BRDA:46,1,0,1
BRDA:46,1,1,1
BRF:4
BRH:3
end_of_record
TN:
SF:/Users/prikumar3/TCP/tcp-unified-experience/packages/core/src/components/common/atoms/Button/Button.style.js
FN:8,(anonymous_0)
FN:9,(anonymous_1)
FN:12,(anonymous_2)
FN:26,(anonymous_3)
FN:39,(anonymous_4)
FN:47,(anonymous_5)
FN:50,(anonymous_6)
FN:53,(anonymous_7)
FN:54,(anonymous_8)
FN:56,(anonymous_9)
FN:59,(anonymous_10)
FNF:11
FNH:0
FNDA:0,(anonymous_0)
FNDA:0,(anonymous_1)
FNDA:0,(anonymous_2)
FNDA:0,(anonymous_3)
FNDA:0,(anonymous_4)
FNDA:0,(anonymous_5)
FNDA:0,(anonymous_6)
FNDA:0,(anonymous_7)
FNDA:0,(anonymous_8)
FNDA:0,(anonymous_9)
FNDA:0,(anonymous_10)
DA:3,1
DA:8,0
DA:9,0
DA:13,0
DA:27,0
DA:40,0
DA:47,0
DA:50,0
DA:53,0
DA:55,0
DA:57,0
DA:59,0
LF:12
LH:1
BRDA:8,0,0,0
BRDA:8,0,1,0
BRDA:9,1,0,0
BRDA:9,1,1,0
BRDA:13,2,0,0
BRDA:13,2,1,0
BRDA:27,3,0,0
BRDA:27,3,1,0
BRDA:40,4,0,0
BRDA:40,4,1,0
BRDA:55,5,0,0
BRDA:55,5,1,0
BRDA:57,6,0,0
BRDA:57,6,1,0
BRDA:59,7,0,0
BRDA:59,7,1,0
BRF:16
BRH:0
end_of_record
TN:
SF:/Users/prikumar3/TCP/tcp-unified-experience/packages/core/src/components/common/atoms/Button/views/Button.jsx
FN:32,(anonymous_0)
FNF:1
FNH:1
FNDA:2,(anonymous_0)
DA:32,1
DA:33,2
DA:44,1
LF:3
LH:3
BRF:0
BRH:0
end_of_record
TN:
SF:/Users/prikumar3/TCP/tcp-unified-experience/packages/core/src/components/common/atoms/Col/Col.style.js
FN:10,(anonymous_0)
FN:19,(anonymous_1)
FN:34,(anonymous_2)
FN:51,(anonymous_3)
FN:58,(anonymous_4)
FN:60,(anonymous_5)
FN:84,(anonymous_6)
FNF:7
FNH:0
FNDA:0,(anonymous_0)
FNDA:0,(anonymous_1)
FNDA:0,(anonymous_2)
FNDA:0,(anonymous_3)
FNDA:0,(anonymous_4)
FNDA:0,(anonymous_5)
FNDA:0,(anonymous_6)
DA:10,4
DA:11,0
DA:19,4
DA:20,0
DA:21,0
DA:22,0
DA:34,4
DA:35,0
DA:39,0
DA:40,0
DA:51,4
DA:52,0
DA:57,4
DA:59,0
DA:60,0
DA:84,0
LF:16
LH:5
BRDA:62,0,0,0
BRDA:62,0,1,0
BRDA:62,1,0,0
BRDA:62,1,1,0
BRDA:65,2,0,0
BRDA:65,2,1,0
BRDA:67,3,0,0
BRDA:67,3,1,0
BRDA:67,4,0,0
BRDA:67,4,1,0
BRDA:72,5,0,0
BRDA:72,5,1,0
BRDA:72,6,0,0
BRDA:72,6,1,0
BRDA:77,7,0,0
BRDA:77,7,1,0
BRDA:77,8,0,0
BRDA:77,8,1,0
BRDA:84,9,0,0
BRDA:84,9,1,0
BRF:20
BRH:0
end_of_record
TN:
SF:/Users/prikumar3/TCP/tcp-unified-experience/packages/core/src/components/common/atoms/Col/index.js
FNF:0
FNH:0
LF:0
LH:0
BRF:0
BRH:0
end_of_record
TN:
SF:/Users/prikumar3/TCP/tcp-unified-experience/packages/core/src/components/common/atoms/Col/views/Col.jsx
FN:9,(anonymous_0)
FNF:1
FNH:1
FNDA:1,(anonymous_0)
DA:9,4
DA:11,4
DA:26,4
LF:3
LH:3
BRF:0
BRH:0
end_of_record
TN:
SF:/Users/prikumar3/TCP/tcp-unified-experience/packages/core/src/components/common/atoms/Col/views/index.js
FNF:0
FNH:0
LF:0
LH:0
BRF:0
BRH:0
end_of_record
TN:
SF:/Users/prikumar3/TCP/tcp-unified-experience/packages/core/src/components/common/atoms/Image/Image.style.js
FN:4,(anonymous_0)
FNF:1
FNH:0
FNDA:0,(anonymous_0)
DA:3,1
DA:4,0
LF:2
LH:1
BRDA:4,0,0,0
BRDA:4,0,1,0
BRF:2
BRH:0
end_of_record
TN:
SF:/Users/prikumar3/TCP/tcp-unified-experience/packages/core/src/components/common/atoms/Image/views/Image.jsx
FN:7,(anonymous_0)
FN:28,(anonymous_1)
FN:53,(anonymous_2)
FNF:3
FNH:1
FNDA:1,(anonymous_0)
FNDA:0,(anonymous_1)
FNDA:0,(anonymous_2)
DA:7,1
DA:18,1
DA:30,0
DA:37,1
DA:48,1
LF:5
LH:4
BRDA:21,0,0,1
BRDA:21,0,1,1
BRDA:22,1,0,1
BRDA:22,1,1,1
BRDA:27,2,0,0
BRDA:27,2,1,1
BRF:6
BRH:5
end_of_record
TN:
SF:/Users/prikumar3/TCP/tcp-unified-experience/packages/core/src/components/common/atoms/RichText/RichText.style.js
FN:4,(anonymous_0)
FNF:1
FNH:1
FNDA:1,(anonymous_0)
DA:3,3
DA:4,1
LF:2
LH:2
BRDA:4,0,0,0
BRDA:4,0,1,1
BRF:2
BRH:1
end_of_record
TN:
SF:/Users/prikumar3/TCP/tcp-unified-experience/packages/core/src/components/common/atoms/RichText/index.js
FNF:0
FNH:0
LF:0
LH:0
BRF:0
BRH:0
end_of_record
TN:
SF:/Users/prikumar3/TCP/tcp-unified-experience/packages/core/src/components/common/atoms/RichText/views/RichText.jsx
FN:8,(anonymous_0)
FNF:1
FNH:1
FNDA:2,(anonymous_0)
DA:8,3
DA:10,2
DA:17,3
DA:23,3
LF:4
LH:4
BRF:0
BRH:0
end_of_record
TN:
SF:/Users/prikumar3/TCP/tcp-unified-experience/packages/core/src/components/common/atoms/RichText/views/index.js
FNF:0
FNH:0
LF:0
LH:0
BRF:0
BRH:0
end_of_record
TN:
SF:/Users/prikumar3/TCP/tcp-unified-experience/packages/core/src/components/common/atoms/Row/Row.style.js
FN:4,(anonymous_0)
FN:6,(anonymous_1)
FN:38,(anonymous_2)
FNF:3
FNH:0
FNDA:0,(anonymous_0)
FNDA:0,(anonymous_1)
FNDA:0,(anonymous_2)
DA:3,4
DA:5,0
DA:6,0
DA:38,0
LF:4
LH:1
BRDA:9,0,0,0
BRDA:9,0,1,0
BRDA:17,1,0,0
BRDA:17,1,1,0
BRDA:24,2,0,0
BRDA:24,2,1,0
BRDA:38,3,0,0
BRDA:38,3,1,0
BRF:8
BRH:0
end_of_record
TN:
SF:/Users/prikumar3/TCP/tcp-unified-experience/packages/core/src/components/common/atoms/Row/index.js
FNF:0
FNH:0
LF:0
LH:0
BRF:0
BRH:0
end_of_record
TN:
SF:/Users/prikumar3/TCP/tcp-unified-experience/packages/core/src/components/common/atoms/Row/views/Row.jsx
FN:9,(anonymous_0)
FNF:1
FNH:1
FNDA:1,(anonymous_0)
DA:9,4
DA:11,4
LF:2
LH:2
BRF:0
BRH:0
end_of_record
TN:
SF:/Users/prikumar3/TCP/tcp-unified-experience/packages/core/src/components/common/atoms/Row/views/index.js
FNF:0
FNH:0
LF:0
LH:0
BRF:0
BRH:0
end_of_record
TN:
SF:/Users/prikumar3/TCP/tcp-unified-experience/packages/core/src/components/common/atoms/TextBox/TextBox.style.js
FN:7,(anonymous_0)
FN:9,(anonymous_1)
FN:10,(anonymous_2)
FN:11,(anonymous_3)
FN:18,(anonymous_4)
FN:20,(anonymous_5)
FN:23,(anonymous_6)
FN:31,(anonymous_7)
FN:39,(anonymous_8)
FN:47,(anonymous_9)
FN:49,(anonymous_10)
FNF:11
FNH:0
FNDA:0,(anonymous_0)
FNDA:0,(anonymous_1)
FNDA:0,(anonymous_2)
FNDA:0,(anonymous_3)
FNDA:0,(anonymous_4)
FNDA:0,(anonymous_5)
FNDA:0,(anonymous_6)
FNDA:0,(anonymous_7)
FNDA:0,(anonymous_8)
FNDA:0,(anonymous_9)
FNDA:0,(anonymous_10)
DA:3,1
DA:7,0
DA:9,0
DA:10,0
DA:11,0
DA:19,0
DA:21,0
DA:24,0
DA:32,0
DA:40,0
DA:47,0
DA:49,0
LF:12
LH:1
BRDA:19,0,0,0
BRDA:19,0,1,0
BRDA:21,1,0,0
BRDA:21,1,1,0
BRDA:24,2,0,0
BRDA:24,2,1,0
BRDA:32,3,0,0
BRDA:32,3,1,0
BRDA:40,4,0,0
BRDA:40,4,1,0
BRDA:49,5,0,0
BRDA:49,5,1,0
BRF:12
BRH:0
end_of_record
TN:
SF:/Users/prikumar3/TCP/tcp-unified-experience/packages/core/src/components/common/atoms/TextBox/views/TextBox.jsx
FN:27,(anonymous_0)
FN:59,(anonymous_1)
FNF:2
FNH:0
FNDA:0,(anonymous_0)
FNDA:0,(anonymous_1)
DA:27,1
DA:38,0
DA:51,1
LF:3
LH:2
BRF:0
BRH:0
end_of_record
TN:
SF:/Users/prikumar3/TCP/tcp-unified-experience/packages/core/src/components/common/hoc/errorBoundary.jsx
FN:3,(anonymous_0)
FN:5,(anonymous_1)
FN:10,(anonymous_2)
FNF:3
FNH:2
FNDA:1,(anonymous_0)
FNDA:0,(anonymous_1)
FNDA:1,(anonymous_2)
DA:4,1
DA:6,0
DA:7,0
DA:11,1
LF:4
LH:2
BRF:0
BRH:0
end_of_record
TN:
SF:/Users/prikumar3/TCP/tcp-unified-experience/packages/core/src/components/common/hoc/withStyles.js
FN:3,(anonymous_0)
FNF:1
FNH:1
FNDA:21,(anonymous_0)
DA:3,21
LF:1
LH:1
BRF:0
BRH:0
end_of_record
TN:
SF:/Users/prikumar3/TCP/tcp-unified-experience/packages/core/src/components/common/molecules/Carousel/Carousel.jsx
FN:16,(anonymous_0)
FNF:1
FNH:0
FNDA:0,(anonymous_0)
DA:14,2
DA:16,2
DA:17,0
DA:19,0
DA:28,2
DA:37,2
LF:6
LH:4
BRDA:22,0,0,0
BRDA:22,0,1,0
BRF:2
BRH:0
end_of_record
TN:
SF:/Users/prikumar3/TCP/tcp-unified-experience/packages/core/src/components/common/molecules/Carousel/CarouselStyle.js
FN:112,(anonymous_0)
FN:119,(anonymous_1)
FN:128,(anonymous_2)
FN:132,(anonymous_3)
FNF:4
FNH:0
FNDA:0,(anonymous_0)
FNDA:0,(anonymous_1)
FNDA:0,(anonymous_2)
FNDA:0,(anonymous_3)
DA:4,2
DA:5,2
DA:6,2
DA:112,0
DA:119,0
DA:128,0
DA:132,0
LF:7
LH:3
BRDA:112,0,0,0
BRDA:112,0,1,0
BRDA:119,1,0,0
BRDA:119,1,1,0
BRDA:128,2,0,0
BRDA:128,2,1,0
BRDA:132,3,0,0
BRDA:132,3,1,0
BRF:8
BRH:0
end_of_record
TN:
SF:/Users/prikumar3/TCP/tcp-unified-experience/packages/core/src/components/common/molecules/Carousel/config.js
FNF:0
FNH:0
DA:7,2
DA:8,2
LF:2
LH:2
BRF:0
BRH:0
end_of_record
TN:
SF:/Users/prikumar3/TCP/tcp-unified-experience/packages/core/src/components/common/molecules/Carousel/index.js
FNF:0
FNH:0
LF:0
LH:0
BRF:0
BRH:0
end_of_record
TN:
SF:/Users/prikumar3/TCP/tcp-unified-experience/packages/core/src/components/common/molecules/Grid/Grid.style.js
FN:4,(anonymous_0)
FNF:1
FNH:0
FNDA:0,(anonymous_0)
DA:3,2
DA:4,0
LF:2
LH:1
BRDA:4,0,0,0
BRDA:4,0,1,0
BRF:2
BRH:0
end_of_record
TN:
SF:/Users/prikumar3/TCP/tcp-unified-experience/packages/core/src/components/common/molecules/Grid/index.js
FNF:0
FNH:0
LF:0
LH:0
BRF:0
BRH:0
end_of_record
TN:
SF:/Users/prikumar3/TCP/tcp-unified-experience/packages/core/src/components/common/molecules/Grid/views/Grid.jsx
FN:7,(anonymous_0)
FNF:1
FNH:1
FNDA:1,(anonymous_0)
DA:7,2
DA:9,2
LF:2
LH:2
BRF:0
BRH:0
end_of_record
TN:
SF:/Users/prikumar3/TCP/tcp-unified-experience/packages/core/src/components/common/molecules/Grid/views/index.js
FNF:0
FNH:0
LF:0
LH:0
BRF:0
BRH:0
end_of_record
TN:
SF:/Users/prikumar3/TCP/tcp-unified-experience/packages/core/src/components/common/molecules/Modal/Modal.jsx
FN:18,getParent
FN:22,(anonymous_1)
FNF:2
FNH:1
FNDA:0,getParent
FNDA:1,(anonymous_1)
DA:19,0
DA:22,1
DA:23,1
DA:24,1
DA:26,1
DA:42,1
LF:6
LH:5
BRDA:24,0,0,1
BRDA:24,0,1,1
BRF:2
BRH:2
end_of_record
TN:
SF:/Users/prikumar3/TCP/tcp-unified-experience/packages/core/src/components/common/molecules/Modal/ModalCloseIcon.jsx
FN:16,(anonymous_0)
FN:16,(anonymous_1)
FNF:2
FNH:0
FNDA:0,(anonymous_0)
FNDA:0,(anonymous_1)
DA:5,1
DA:16,1
DA:18,1
LF:3
LH:3
BRF:0
BRH:0
end_of_record
TN:
SF:/Users/prikumar3/TCP/tcp-unified-experience/packages/core/src/components/common/molecules/Modal/ModalHeader.jsx
FN:8,(anonymous_0)
FN:9,(anonymous_1)
FN:12,(anonymous_2)
FNF:3
FNH:0
FNDA:0,(anonymous_0)
FNDA:0,(anonymous_1)
FNDA:0,(anonymous_2)
DA:6,1
DA:8,0
DA:9,0
DA:12,1
DA:13,0
DA:19,1
LF:6
LH:3
BRF:0
BRH:0
end_of_record
TN:
SF:/Users/prikumar3/TCP/tcp-unified-experience/packages/core/src/components/common/molecules/Modal/ModalStyle.js
FN:10,(anonymous_0)
FN:11,(anonymous_1)
FN:14,(anonymous_2)
FN:21,(anonymous_3)
FNF:4
FNH:0
FNDA:0,(anonymous_0)
FNDA:0,(anonymous_1)
FNDA:0,(anonymous_2)
FNDA:0,(anonymous_3)
DA:3,1
DA:10,0
DA:11,0
DA:14,0
DA:21,0
LF:5
LH:1
BRF:0
BRH:0
end_of_record
TN:
SF:/Users/prikumar3/TCP/tcp-unified-experience/packages/core/src/components/common/molecules/Modal/config.js
FNF:0
FNH:0
LF:0
LH:0
BRF:0
BRH:0
end_of_record
TN:
SF:/Users/prikumar3/TCP/tcp-unified-experience/packages/core/src/components/features/myAccount/MyAccountLayoutContainer/MyAccountNavData.js
FNF:0
FNH:0
DA:1,2
LF:1
LH:1
BRF:0
BRH:0
end_of_record
TN:
SF:/Users/prikumar3/TCP/tcp-unified-experience/packages/core/src/components/features/myAccount/MyAccountLayoutContainer/container/MyAccountLayout.container.jsx
FN:10,(anonymous_0)
FNF:1
FNH:1
FNDA:1,(anonymous_0)
DA:10,1
DA:11,1
LF:2
LH:2
BRF:0
BRH:0
end_of_record
TN:
SF:/Users/prikumar3/TCP/tcp-unified-experience/packages/core/src/components/features/myAccount/MyAccountLayoutContainer/styles/MyAccount.style.js
FNF:0
FNH:0
LF:0
LH:0
BRF:0
BRH:0
end_of_record
TN:
SF:/Users/prikumar3/TCP/tcp-unified-experience/packages/core/src/components/features/myAccount/MyAccountLayoutContainer/views/MyAccountLayout.view.jsx
FN:30,(anonymous_0)
FN:45,(anonymous_1)
FN:68,(anonymous_2)
FN:71,(anonymous_3)
FN:85,(anonymous_4)
FN:93,(anonymous_5)
FNF:6
FNH:6
FNDA:3,(anonymous_0)
FNDA:12,(anonymous_1)
FNDA:1,(anonymous_2)
FNDA:1,(anonymous_3)
FNDA:3,(anonymous_4)
FNDA:11,(anonymous_5)
DA:31,3
DA:32,3
DA:33,3
DA:34,3
DA:35,3
DA:45,3
DA:46,12
DA:47,12
DA:48,12
DA:68,3
DA:69,1
DA:72,1
DA:86,3
DA:87,3
DA:94,11
LF:15
LH:15
BRDA:57,0,0,12
BRDA:57,0,1,1
BRDA:92,1,0,3
BRDA:92,1,1,3
BRDA:97,2,0,11
BRDA:97,2,1,1
BRF:6
BRH:6
end_of_record
TN:
SF:/Users/prikumar3/TCP/tcp-unified-experience/packages/core/src/utils/url.js
FN:1,(anonymous_0)
FN:10,(anonymous_1)
FNF:2
FNH:1
FNDA:0,(anonymous_0)
FNDA:1,(anonymous_1)
DA:1,1
DA:2,0
DA:3,0
DA:4,0
DA:5,0
DA:7,0
DA:10,1
DA:11,1
DA:12,0
DA:13,0
DA:14,0
DA:15,0
DA:17,0
DA:19,1
LF:14
LH:4
BRDA:1,0,0,0
BRDA:11,1,0,0
BRDA:11,1,1,1
BRDA:14,2,0,0
BRDA:14,2,1,0
BRF:5
BRH:1
end_of_record
TN:
SF:/Users/prikumar3/TCP/tcp-unified-experience/packages/core/styles/themes/TCP/colors.js
FNF:0
FNH:0
LF:0
LH:0
BRF:0
BRH:0
end_of_record
TN:
SF:/Users/prikumar3/TCP/tcp-unified-experience/packages/core/styles/themes/TCP/fonts.js
FNF:0
FNH:0
DA:1,4
DA:2,4
DA:3,4
DA:4,4
DA:5,4
DA:6,4
DA:7,4
DA:9,4
DA:80,4
DA:89,4
DA:96,4
LF:11
LH:11
BRF:0
BRH:0
end_of_record
TN:
SF:/Users/prikumar3/TCP/tcp-unified-experience/packages/core/styles/themes/TCP/gridDimensions.js
FNF:0
FNH:0
LF:0
LH:0
BRF:0
BRH:0
end_of_record
TN:
SF:/Users/prikumar3/TCP/tcp-unified-experience/packages/core/styles/themes/TCP/index.js
FNF:0
FNH:0
DA:10,4
LF:1
LH:1
BRF:0
BRH:0
end_of_record
TN:
SF:/Users/prikumar3/TCP/tcp-unified-experience/packages/core/styles/themes/TCP/mediaQuery.js
FNF:0
FNH:0
DA:1,4
DA:11,4
LF:2
LH:2
BRF:0
BRH:0
end_of_record
TN:
SF:/Users/prikumar3/TCP/tcp-unified-experience/packages/core/styles/themes/TCP/opacity.js
FNF:0
FNH:0
LF:0
LH:0
BRF:0
BRH:0
end_of_record
TN:
SF:/Users/prikumar3/TCP/tcp-unified-experience/packages/core/styles/themes/TCP/variables.js
FNF:0
FNH:0
LF:0
LH:0
BRF:0
BRH:0
end_of_record
TN:
SF:/Users/prikumar3/TCP/tcp-unified-experience/packages/core/styles/themes/TCP/zindex.js
FNF:0
FNH:0
LF:0
LH:0
BRF:0
BRH:0
end_of_record
TN:
SF:/Users/prikumar3/TCP/tcp-unified-experience/packages/web/src/components/common/molecules/Copyright/Copyright.style.js
FN:5,(anonymous_0)
FN:7,(anonymous_1)
FN:9,(anonymous_2)
FN:10,(anonymous_3)
FNF:4
FNH:0
FNDA:0,(anonymous_0)
FNDA:0,(anonymous_1)
FNDA:0,(anonymous_2)
FNDA:0,(anonymous_3)
DA:5,0
DA:7,0
DA:9,0
DA:10,0
LF:4
LH:0
BRF:0
BRH:0
end_of_record
TN:
SF:/Users/prikumar3/TCP/tcp-unified-experience/packages/web/src/components/common/molecules/Copyright/__tests__/mock.js
FNF:0
FNH:0
LF:0
LH:0
BRF:0
BRH:0
end_of_record
TN:
SF:/Users/prikumar3/TCP/tcp-unified-experience/packages/web/src/components/common/molecules/Copyright/views/Copyright.jsx
FN:8,(anonymous_0)
FNF:1
FNH:1
FNDA:1,(anonymous_0)
DA:8,1
DA:9,1
DA:18,1
LF:3
LH:3
BRF:0
BRH:0
end_of_record
TN:
SF:/Users/prikumar3/TCP/tcp-unified-experience/packages/web/src/components/common/molecules/Copyright/views/index.js
FNF:0
FNH:0
LF:0
LH:0
BRF:0
BRH:0
end_of_record
TN:
SF:/Users/prikumar3/TCP/tcp-unified-experience/packages/web/src/components/common/molecules/PromotionalArea/PromotionalArea.style.js
FN:4,(anonymous_0)
FN:7,(anonymous_1)
FN:8,(anonymous_2)
FN:9,(anonymous_3)
FN:12,(anonymous_4)
FN:18,(anonymous_5)
FN:21,(anonymous_6)
FN:25,(anonymous_7)
FN:26,(anonymous_8)
FN:27,(anonymous_9)
FN:32,(anonymous_10)
FN:35,(anonymous_11)
FN:36,(anonymous_12)
FNF:13
FNH:0
FNDA:0,(anonymous_0)
FNDA:0,(anonymous_1)
FNDA:0,(anonymous_2)
FNDA:0,(anonymous_3)
FNDA:0,(anonymous_4)
FNDA:0,(anonymous_5)
FNDA:0,(anonymous_6)
FNDA:0,(anonymous_7)
FNDA:0,(anonymous_8)
FNDA:0,(anonymous_9)
FNDA:0,(anonymous_10)
FNDA:0,(anonymous_11)
FNDA:0,(anonymous_12)
DA:4,0
DA:7,0
DA:8,0
DA:9,0
DA:12,0
DA:18,0
DA:21,0
DA:25,0
DA:26,0
DA:27,0
DA:32,0
DA:35,0
DA:36,0
LF:13
LH:0
BRF:0
BRH:0
end_of_record
TN:
SF:/Users/prikumar3/TCP/tcp-unified-experience/packages/web/src/components/common/molecules/PromotionalArea/mock.js
FNF:0
FNH:0
LF:0
LH:0
BRF:0
BRH:0
end_of_record
TN:
SF:/Users/prikumar3/TCP/tcp-unified-experience/packages/web/src/components/common/molecules/PromotionalArea/view/PromotionalArea.jsx
FN:9,(anonymous_0)
FN:21,(anonymous_1)
FNF:2
FNH:0
FNDA:0,(anonymous_0)
FNDA:0,(anonymous_1)
DA:9,1
DA:10,0
DA:13,0
DA:17,0
DA:22,0
DA:30,1
LF:6
LH:2
BRDA:10,0,0,0
BRDA:10,0,1,0
BRDA:13,1,0,0
BRDA:13,1,1,0
BRF:4
BRH:0
end_of_record
TN:
SF:/Users/prikumar3/TCP/tcp-unified-experience/packages/web/src/components/common/molecules/PromotionalArea/view/index.js
FNF:0
FNH:0
LF:0
LH:0
BRF:0
BRH:0
end_of_record
TN:
SF:/Users/prikumar3/TCP/tcp-unified-experience/packages/web/src/config/carousel.js
FNF:0
FNH:0
LF:0
LH:0
BRF:0
BRH:0
end_of_record
TN:
SF:/Users/prikumar3/TCP/tcp-unified-experience/packages/web/src/config/icons.js
FNF:0
FNH:0
LF:0
LH:0
BRF:0
BRH:0
end_of_record
TN:
SF:/Users/prikumar3/TCP/tcp-unified-experience/packages/web/src/config/locators.js
FNF:0
FNH:0
LF:0
LH:0
BRF:0
BRH:0
end_of_record
TN:
SF:/Users/prikumar3/TCP/tcp-unified-experience/packages/web/src/utils/index.js
FNF:0
FNH:0
LF:0
LH:0
BRF:0
BRH:0
end_of_record
TN:
SF:/Users/prikumar3/TCP/tcp-unified-experience/packages/web/src/utils/utils.js
FN:8,(anonymous_0)
FN:16,(anonymous_1)
FNF:2
FNH:2
FNDA:4,(anonymous_0)
FNDA:1,(anonymous_1)
DA:8,3
DA:9,4
DA:16,3
DA:17,1
LF:4
LH:4
BRF:0
BRH:0
end_of_record
