<?xml version="1.0" encoding="UTF-8"?>
<coverage generated="1560948717246" clover="3.2.0">
  <project timestamp="1560948717246" name="All files">
    <metrics statements="140" coveredstatements="60" conditionals="76" coveredconditionals="0" methods="74" coveredmethods="3" elements="290" coveredelements="63" complexity="0" loc="140" ncloc="140" packages="25" files="45" classes="45"/>
    <package name="core.src.components.common.atoms.Button">
      <metrics statements="12" coveredstatements="1" conditionals="16" coveredconditionals="0" methods="11" coveredmethods="0"/>
      <file name="Button.style.js" path="/Users/prikumar3/TCP/tcp-unified-experience/packages/core/src/components/common/atoms/Button/Button.style.js">
        <metrics statements="12" coveredstatements="1" conditionals="16" coveredconditionals="0" methods="11" coveredmethods="0"/>
        <line num="3" count="1" type="stmt"/>
        <line num="8" count="0" type="cond" truecount="0" falsecount="2"/>
        <line num="9" count="0" type="cond" truecount="0" falsecount="2"/>
        <line num="13" count="0" type="cond" truecount="0" falsecount="2"/>
        <line num="27" count="0" type="cond" truecount="0" falsecount="2"/>
        <line num="40" count="0" type="cond" truecount="0" falsecount="2"/>
        <line num="47" count="0" type="stmt"/>
        <line num="50" count="0" type="stmt"/>
        <line num="53" count="0" type="stmt"/>
        <line num="55" count="0" type="cond" truecount="0" falsecount="2"/>
        <line num="57" count="0" type="cond" truecount="0" falsecount="2"/>
        <line num="59" count="0" type="cond" truecount="0" falsecount="2"/>
      </file>
    </package>
    <package name="core.src.components.common.atoms.Button.views">
      <metrics statements="3" coveredstatements="2" conditionals="0" coveredconditionals="0" methods="1" coveredmethods="0"/>
      <file name="Button.jsx" path="/Users/prikumar3/TCP/tcp-unified-experience/packages/core/src/components/common/atoms/Button/views/Button.jsx">
        <metrics statements="3" coveredstatements="2" conditionals="0" coveredconditionals="0" methods="1" coveredmethods="0"/>
        <line num="32" count="1" type="stmt"/>
        <line num="33" count="0" type="stmt"/>
        <line num="44" count="1" type="stmt"/>
      </file>
    </package>
    <package name="core.src.components.common.atoms.Col">
      <metrics statements="16" coveredstatements="5" conditionals="20" coveredconditionals="0" methods="7" coveredmethods="0"/>
      <file name="Col.style.js" path="/Users/prikumar3/TCP/tcp-unified-experience/packages/core/src/components/common/atoms/Col/Col.style.js">
        <metrics statements="16" coveredstatements="5" conditionals="20" coveredconditionals="0" methods="7" coveredmethods="0"/>
        <line num="10" count="4" type="stmt"/>
        <line num="11" count="0" type="stmt"/>
        <line num="19" count="4" type="stmt"/>
        <line num="20" count="0" type="stmt"/>
        <line num="21" count="0" type="stmt"/>
        <line num="22" count="0" type="stmt"/>
        <line num="34" count="4" type="stmt"/>
        <line num="35" count="0" type="stmt"/>
        <line num="39" count="0" type="stmt"/>
        <line num="40" count="0" type="stmt"/>
        <line num="51" count="4" type="stmt"/>
        <line num="52" count="0" type="stmt"/>
        <line num="57" count="4" type="stmt"/>
        <line num="59" count="0" type="stmt"/>
        <line num="60" count="0" type="stmt"/>
        <line num="84" count="0" type="cond" truecount="0" falsecount="2"/>
      </file>
      <file name="index.js" path="/Users/prikumar3/TCP/tcp-unified-experience/packages/core/src/components/common/atoms/Col/index.js">
        <metrics statements="0" coveredstatements="0" conditionals="0" coveredconditionals="0" methods="0" coveredmethods="0"/>
      </file>
    </package>
    <package name="core.src.components.common.atoms.Col.views">
      <metrics statements="3" coveredstatements="3" conditionals="0" coveredconditionals="0" methods="1" coveredmethods="0"/>
      <file name="Col.jsx" path="/Users/prikumar3/TCP/tcp-unified-experience/packages/core/src/components/common/atoms/Col/views/Col.jsx">
        <metrics statements="3" coveredstatements="3" conditionals="0" coveredconditionals="0" methods="1" coveredmethods="0"/>
        <line num="9" count="4" type="stmt"/>
        <line num="11" count="4" type="stmt"/>
        <line num="26" count="4" type="stmt"/>
      </file>
      <file name="index.js" path="/Users/prikumar3/TCP/tcp-unified-experience/packages/core/src/components/common/atoms/Col/views/index.js">
        <metrics statements="0" coveredstatements="0" conditionals="0" coveredconditionals="0" methods="0" coveredmethods="0"/>
      </file>
    </package>
    <package name="core.src.components.common.atoms.Image">
      <metrics statements="2" coveredstatements="1" conditionals="2" coveredconditionals="0" methods="1" coveredmethods="0"/>
      <file name="Image.style.js" path="/Users/prikumar3/TCP/tcp-unified-experience/packages/core/src/components/common/atoms/Image/Image.style.js">
        <metrics statements="2" coveredstatements="1" conditionals="2" coveredconditionals="0" methods="1" coveredmethods="0"/>
        <line num="3" count="1" type="stmt"/>
        <line num="4" count="0" type="cond" truecount="0" falsecount="2"/>
      </file>
    </package>
    <package name="core.src.components.common.atoms.Image.views">
      <metrics statements="5" coveredstatements="3" conditionals="6" coveredconditionals="0" methods="3" coveredmethods="0"/>
      <file name="Image.jsx" path="/Users/prikumar3/TCP/tcp-unified-experience/packages/core/src/components/common/atoms/Image/views/Image.jsx">
        <metrics statements="5" coveredstatements="3" conditionals="6" coveredconditionals="0" methods="3" coveredmethods="0"/>
        <line num="7" count="1" type="stmt"/>
        <line num="18" count="0" type="stmt"/>
        <line num="30" count="0" type="stmt"/>
        <line num="37" count="1" type="stmt"/>
        <line num="48" count="1" type="stmt"/>
      </file>
    </package>
    <package name="core.src.components.common.atoms.RichText">
      <metrics statements="2" coveredstatements="1" conditionals="2" coveredconditionals="0" methods="1" coveredmethods="0"/>
      <file name="RichText.style.js" path="/Users/prikumar3/TCP/tcp-unified-experience/packages/core/src/components/common/atoms/RichText/RichText.style.js">
        <metrics statements="2" coveredstatements="1" conditionals="2" coveredconditionals="0" methods="1" coveredmethods="0"/>
        <line num="3" count="2" type="stmt"/>
        <line num="4" count="0" type="cond" truecount="0" falsecount="2"/>
      </file>
    </package>
    <package name="core.src.components.common.atoms.RichText.views">
      <metrics statements="4" coveredstatements="3" conditionals="0" coveredconditionals="0" methods="1" coveredmethods="0"/>
      <file name="RichText.jsx" path="/Users/prikumar3/TCP/tcp-unified-experience/packages/core/src/components/common/atoms/RichText/views/RichText.jsx">
        <metrics statements="4" coveredstatements="3" conditionals="0" coveredconditionals="0" methods="1" coveredmethods="0"/>
        <line num="8" count="2" type="stmt"/>
        <line num="10" count="0" type="stmt"/>
        <line num="17" count="2" type="stmt"/>
        <line num="23" count="2" type="stmt"/>
      </file>
    </package>
    <package name="core.src.components.common.atoms.Row">
      <metrics statements="4" coveredstatements="1" conditionals="8" coveredconditionals="0" methods="3" coveredmethods="0"/>
      <file name="Row.style.js" path="/Users/prikumar3/TCP/tcp-unified-experience/packages/core/src/components/common/atoms/Row/Row.style.js">
        <metrics statements="4" coveredstatements="1" conditionals="8" coveredconditionals="0" methods="3" coveredmethods="0"/>
        <line num="3" count="4" type="stmt"/>
        <line num="5" count="0" type="stmt"/>
        <line num="6" count="0" type="stmt"/>
        <line num="38" count="0" type="cond" truecount="0" falsecount="2"/>
      </file>
      <file name="index.js" path="/Users/prikumar3/TCP/tcp-unified-experience/packages/core/src/components/common/atoms/Row/index.js">
        <metrics statements="0" coveredstatements="0" conditionals="0" coveredconditionals="0" methods="0" coveredmethods="0"/>
      </file>
    </package>
    <package name="core.src.components.common.atoms.Row.views">
      <metrics statements="2" coveredstatements="2" conditionals="0" coveredconditionals="0" methods="1" coveredmethods="0"/>
      <file name="Row.jsx" path="/Users/prikumar3/TCP/tcp-unified-experience/packages/core/src/components/common/atoms/Row/views/Row.jsx">
        <metrics statements="2" coveredstatements="2" conditionals="0" coveredconditionals="0" methods="1" coveredmethods="0"/>
        <line num="9" count="4" type="stmt"/>
        <line num="11" count="4" type="stmt"/>
      </file>
      <file name="index.js" path="/Users/prikumar3/TCP/tcp-unified-experience/packages/core/src/components/common/atoms/Row/views/index.js">
        <metrics statements="0" coveredstatements="0" conditionals="0" coveredconditionals="0" methods="0" coveredmethods="0"/>
      </file>
    </package>
    <package name="core.src.components.common.atoms.TextBox">
      <metrics statements="12" coveredstatements="1" conditionals="12" coveredconditionals="0" methods="11" coveredmethods="0"/>
      <file name="TextBox.style.js" path="/Users/prikumar3/TCP/tcp-unified-experience/packages/core/src/components/common/atoms/TextBox/TextBox.style.js">
        <metrics statements="12" coveredstatements="1" conditionals="12" coveredconditionals="0" methods="11" coveredmethods="0"/>
        <line num="3" count="1" type="stmt"/>
        <line num="7" count="0" type="stmt"/>
        <line num="9" count="0" type="stmt"/>
        <line num="10" count="0" type="stmt"/>
        <line num="11" count="0" type="stmt"/>
        <line num="19" count="0" type="cond" truecount="0" falsecount="2"/>
        <line num="21" count="0" type="cond" truecount="0" falsecount="2"/>
        <line num="24" count="0" type="cond" truecount="0" falsecount="2"/>
        <line num="32" count="0" type="cond" truecount="0" falsecount="2"/>
        <line num="40" count="0" type="cond" truecount="0" falsecount="2"/>
        <line num="47" count="0" type="stmt"/>
        <line num="49" count="0" type="cond" truecount="0" falsecount="2"/>
      </file>
    </package>
    <package name="core.src.components.common.atoms.TextBox.views">
      <metrics statements="3" coveredstatements="2" conditionals="0" coveredconditionals="0" methods="2" coveredmethods="0"/>
      <file name="TextBox.jsx" path="/Users/prikumar3/TCP/tcp-unified-experience/packages/core/src/components/common/atoms/TextBox/views/TextBox.jsx">
        <metrics statements="3" coveredstatements="2" conditionals="0" coveredconditionals="0" methods="2" coveredmethods="0"/>
        <line num="27" count="1" type="stmt"/>
        <line num="38" count="0" type="stmt"/>
        <line num="51" count="1" type="stmt"/>
      </file>
    </package>
    <package name="core.src.components.common.hoc">
      <metrics statements="5" coveredstatements="2" conditionals="0" coveredconditionals="0" methods="4" coveredmethods="2"/>
      <file name="errorBoundary.jsx" path="/Users/prikumar3/TCP/tcp-unified-experience/packages/core/src/components/common/hoc/errorBoundary.jsx">
        <metrics statements="4" coveredstatements="1" conditionals="0" coveredconditionals="0" methods="3" coveredmethods="1"/>
        <line num="4" count="1" type="stmt"/>
        <line num="6" count="0" type="stmt"/>
        <line num="7" count="0" type="stmt"/>
        <line num="11" count="0" type="stmt"/>
      </file>
      <file name="withStyles.js" path="/Users/prikumar3/TCP/tcp-unified-experience/packages/core/src/components/common/hoc/withStyles.js">
        <metrics statements="1" coveredstatements="1" conditionals="0" coveredconditionals="0" methods="1" coveredmethods="1"/>
        <line num="3" count="16" type="stmt"/>
      </file>
    </package>
    <package name="core.src.components.common.molecules.Grid">
      <metrics statements="2" coveredstatements="1" conditionals="2" coveredconditionals="0" methods="1" coveredmethods="0"/>
      <file name="Grid.style.js" path="/Users/prikumar3/TCP/tcp-unified-experience/packages/core/src/components/common/molecules/Grid/Grid.style.js">
        <metrics statements="2" coveredstatements="1" conditionals="2" coveredconditionals="0" methods="1" coveredmethods="0"/>
        <line num="3" count="2" type="stmt"/>
        <line num="4" count="0" type="cond" truecount="0" falsecount="2"/>
      </file>
      <file name="index.js" path="/Users/prikumar3/TCP/tcp-unified-experience/packages/core/src/components/common/molecules/Grid/index.js">
        <metrics statements="0" coveredstatements="0" conditionals="0" coveredconditionals="0" methods="0" coveredmethods="0"/>
      </file>
    </package>
    <package name="core.src.components.common.molecules.Grid.views">
      <metrics statements="2" coveredstatements="2" conditionals="0" coveredconditionals="0" methods="1" coveredmethods="0"/>
      <file name="Grid.jsx" path="/Users/prikumar3/TCP/tcp-unified-experience/packages/core/src/components/common/molecules/Grid/views/Grid.jsx">
        <metrics statements="2" coveredstatements="2" conditionals="0" coveredconditionals="0" methods="1" coveredmethods="0"/>
        <line num="7" count="2" type="stmt"/>
        <line num="9" count="2" type="stmt"/>
      </file>
      <file name="index.js" path="/Users/prikumar3/TCP/tcp-unified-experience/packages/core/src/components/common/molecules/Grid/views/index.js">
        <metrics statements="0" coveredstatements="0" conditionals="0" coveredconditionals="0" methods="0" coveredmethods="0"/>
      </file>
    </package>
    <package name="core.src.components.common.molecules.Modal">
      <metrics statements="20" coveredstatements="9" conditionals="2" coveredconditionals="0" methods="11" coveredmethods="0"/>
      <file name="Modal.jsx" path="/Users/prikumar3/TCP/tcp-unified-experience/packages/core/src/components/common/molecules/Modal/Modal.jsx">
        <metrics statements="6" coveredstatements="2" conditionals="2" coveredconditionals="0" methods="2" coveredmethods="0"/>
        <line num="19" count="0" type="stmt"/>
        <line num="22" count="1" type="stmt"/>
        <line num="23" count="0" type="stmt"/>
        <line num="24" count="0" type="cond" truecount="0" falsecount="2"/>
        <line num="26" count="0" type="stmt"/>
        <line num="42" count="1" type="stmt"/>
      </file>
      <file name="ModalCloseIcon.jsx" path="/Users/prikumar3/TCP/tcp-unified-experience/packages/core/src/components/common/molecules/Modal/ModalCloseIcon.jsx">
        <metrics statements="3" coveredstatements="3" conditionals="0" coveredconditionals="0" methods="2" coveredmethods="0"/>
        <line num="5" count="1" type="stmt"/>
        <line num="16" count="1" type="stmt"/>
        <line num="18" count="1" type="stmt"/>
      </file>
      <file name="ModalHeader.jsx" path="/Users/prikumar3/TCP/tcp-unified-experience/packages/core/src/components/common/molecules/Modal/ModalHeader.jsx">
        <metrics statements="6" coveredstatements="3" conditionals="0" coveredconditionals="0" methods="3" coveredmethods="0"/>
        <line num="6" count="1" type="stmt"/>
        <line num="8" count="0" type="stmt"/>
        <line num="9" count="0" type="stmt"/>
        <line num="12" count="1" type="stmt"/>
        <line num="13" count="0" type="stmt"/>
        <line num="19" count="1" type="stmt"/>
      </file>
      <file name="ModalStyle.js" path="/Users/prikumar3/TCP/tcp-unified-experience/packages/core/src/components/common/molecules/Modal/ModalStyle.js">
        <metrics statements="5" coveredstatements="1" conditionals="0" coveredconditionals="0" methods="4" coveredmethods="0"/>
        <line num="3" count="1" type="stmt"/>
        <line num="10" count="0" type="stmt"/>
        <line num="11" count="0" type="stmt"/>
        <line num="14" count="0" type="stmt"/>
        <line num="21" count="0" type="stmt"/>
      </file>
      <file name="config.js" path="/Users/prikumar3/TCP/tcp-unified-experience/packages/core/src/components/common/molecules/Modal/config.js">
        <metrics statements="0" coveredstatements="0" conditionals="0" coveredconditionals="0" methods="0" coveredmethods="0"/>
      </file>
    </package>
    <package name="core.src.components.features.myAccount.MyAccountLayoutContainer">
      <metrics statements="1" coveredstatements="1" conditionals="0" coveredconditionals="0" methods="0" coveredmethods="0"/>
      <file name="MyAccountNavData.js" path="/Users/prikumar3/TCP/tcp-unified-experience/packages/core/src/components/features/myAccount/MyAccountLayoutContainer/MyAccountNavData.js">
        <metrics statements="1" coveredstatements="1" conditionals="0" coveredconditionals="0" methods="0" coveredmethods="0"/>
        <line num="1" count="2" type="stmt"/>
      </file>
    </package>
    <package name="core.src.components.features.myAccount.MyAccountLayoutContainer.container">
      <metrics statements="2" coveredstatements="2" conditionals="0" coveredconditionals="0" methods="1" coveredmethods="1"/>
      <file name="MyAccountLayout.container.jsx" path="/Users/prikumar3/TCP/tcp-unified-experience/packages/core/src/components/features/myAccount/MyAccountLayoutContainer/container/MyAccountLayout.container.jsx">
        <metrics statements="2" coveredstatements="2" conditionals="0" coveredconditionals="0" methods="1" coveredmethods="1"/>
        <line num="10" count="1" type="stmt"/>
        <line num="11" count="1" type="stmt"/>
      </file>
    </package>
    <package name="core.src.components.features.myAccount.MyAccountLayoutContainer.styles">
      <metrics statements="0" coveredstatements="0" conditionals="0" coveredconditionals="0" methods="0" coveredmethods="0"/>
      <file name="MyAccount.style.js" path="/Users/prikumar3/TCP/tcp-unified-experience/packages/core/src/components/features/myAccount/MyAccountLayoutContainer/styles/MyAccount.style.js">
        <metrics statements="0" coveredstatements="0" conditionals="0" coveredconditionals="0" methods="0" coveredmethods="0"/>
      </file>
    </package>
    <package name="core.src.components.features.myAccount.MyAccountLayoutContainer.views">
      <metrics statements="15" coveredstatements="0" conditionals="6" coveredconditionals="0" methods="6" coveredmethods="0"/>
      <file name="MyAccountLayout.view.jsx" path="/Users/prikumar3/TCP/tcp-unified-experience/packages/core/src/components/features/myAccount/MyAccountLayoutContainer/views/MyAccountLayout.view.jsx">
        <metrics statements="15" coveredstatements="0" conditionals="6" coveredconditionals="0" methods="6" coveredmethods="0"/>
        <line num="31" count="0" type="stmt"/>
        <line num="32" count="0" type="stmt"/>
        <line num="33" count="0" type="stmt"/>
        <line num="34" count="0" type="stmt"/>
        <line num="35" count="0" type="stmt"/>
        <line num="45" count="0" type="stmt"/>
        <line num="46" count="0" type="stmt"/>
        <line num="47" count="0" type="stmt"/>
        <line num="48" count="0" type="stmt"/>
        <line num="68" count="0" type="stmt"/>
        <line num="69" count="0" type="stmt"/>
        <line num="72" count="0" type="stmt"/>
        <line num="86" count="0" type="stmt"/>
        <line num="87" count="0" type="stmt"/>
        <line num="94" count="0" type="stmt"/>
      </file>
    </package>
    <package name="core.styles.themes.TCP">
      <metrics statements="14" coveredstatements="14" conditionals="0" coveredconditionals="0" methods="0" coveredmethods="0"/>
      <file name="colors.js" path="/Users/prikumar3/TCP/tcp-unified-experience/packages/core/styles/themes/TCP/colors.js">
        <metrics statements="0" coveredstatements="0" conditionals="0" coveredconditionals="0" methods="0" coveredmethods="0"/>
      </file>
      <file name="fonts.js" path="/Users/prikumar3/TCP/tcp-unified-experience/packages/core/styles/themes/TCP/fonts.js">
        <metrics statements="11" coveredstatements="11" conditionals="0" coveredconditionals="0" methods="0" coveredmethods="0"/>
        <line num="1" count="2" type="stmt"/>
        <line num="2" count="2" type="stmt"/>
        <line num="3" count="2" type="stmt"/>
        <line num="4" count="2" type="stmt"/>
        <line num="5" count="2" type="stmt"/>
        <line num="6" count="2" type="stmt"/>
        <line num="7" count="2" type="stmt"/>
        <line num="9" count="2" type="stmt"/>
        <line num="80" count="2" type="stmt"/>
        <line num="89" count="2" type="stmt"/>
        <line num="96" count="2" type="stmt"/>
      </file>
      <file name="gridDimensions.js" path="/Users/prikumar3/TCP/tcp-unified-experience/packages/core/styles/themes/TCP/gridDimensions.js">
        <metrics statements="0" coveredstatements="0" conditionals="0" coveredconditionals="0" methods="0" coveredmethods="0"/>
      </file>
      <file name="index.js" path="/Users/prikumar3/TCP/tcp-unified-experience/packages/core/styles/themes/TCP/index.js">
        <metrics statements="1" coveredstatements="1" conditionals="0" coveredconditionals="0" methods="0" coveredmethods="0"/>
        <line num="9" count="2" type="stmt"/>
      </file>
      <file name="mediaQuery.js" path="/Users/prikumar3/TCP/tcp-unified-experience/packages/core/styles/themes/TCP/mediaQuery.js">
        <metrics statements="2" coveredstatements="2" conditionals="0" coveredconditionals="0" methods="0" coveredmethods="0"/>
        <line num="1" count="2" type="stmt"/>
        <line num="11" count="2" type="stmt"/>
      </file>
      <file name="opacity.js" path="/Users/prikumar3/TCP/tcp-unified-experience/packages/core/styles/themes/TCP/opacity.js">
        <metrics statements="0" coveredstatements="0" conditionals="0" coveredconditionals="0" methods="0" coveredmethods="0"/>
      </file>
      <file name="zindex.js" path="/Users/prikumar3/TCP/tcp-unified-experience/packages/core/styles/themes/TCP/zindex.js">
        <metrics statements="0" coveredstatements="0" conditionals="0" coveredconditionals="0" methods="0" coveredmethods="0"/>
      </file>
    </package>
    <package name="web.src.components.common.molecules.Copyright">
      <metrics statements="4" coveredstatements="0" conditionals="0" coveredconditionals="0" methods="4" coveredmethods="0"/>
      <file name="Copyright.style.js" path="/Users/prikumar3/TCP/tcp-unified-experience/packages/web/src/components/common/molecules/Copyright/Copyright.style.js">
        <metrics statements="4" coveredstatements="0" conditionals="0" coveredconditionals="0" methods="4" coveredmethods="0"/>
        <line num="5" count="0" type="stmt"/>
        <line num="7" count="0" type="stmt"/>
        <line num="9" count="0" type="stmt"/>
        <line num="10" count="0" type="stmt"/>
      </file>
    </package>
    <package name="web.src.components.common.molecules.Copyright.views">
      <metrics statements="3" coveredstatements="2" conditionals="0" coveredconditionals="0" methods="1" coveredmethods="0"/>
      <file name="Copyright.jsx" path="/Users/prikumar3/TCP/tcp-unified-experience/packages/web/src/components/common/molecules/Copyright/views/Copyright.jsx">
        <metrics statements="3" coveredstatements="2" conditionals="0" coveredconditionals="0" methods="1" coveredmethods="0"/>
        <line num="8" count="1" type="stmt"/>
        <line num="9" count="0" type="stmt"/>
        <line num="18" count="1" type="stmt"/>
      </file>
      <file name="index.js" path="/Users/prikumar3/TCP/tcp-unified-experience/packages/web/src/components/common/molecules/Copyright/views/index.js">
        <metrics statements="0" coveredstatements="0" conditionals="0" coveredconditionals="0" methods="0" coveredmethods="0"/>
      </file>
    </package>
    <package name="web.src.config">
      <metrics statements="0" coveredstatements="0" conditionals="0" coveredconditionals="0" methods="0" coveredmethods="0"/>
      <file name="icons.js" path="/Users/prikumar3/TCP/tcp-unified-experience/packages/web/src/config/icons.js">
        <metrics statements="0" coveredstatements="0" conditionals="0" coveredconditionals="0" methods="0" coveredmethods="0"/>
      </file>
      <file name="locators.js" path="/Users/prikumar3/TCP/tcp-unified-experience/packages/web/src/config/locators.js">
        <metrics statements="0" coveredstatements="0" conditionals="0" coveredconditionals="0" methods="0" coveredmethods="0"/>
      </file>
    </package>
    <package name="web.src.utils">
      <metrics statements="4" coveredstatements="2" conditionals="0" coveredconditionals="0" methods="2" coveredmethods="0"/>
      <file name="index.js" path="/Users/prikumar3/TCP/tcp-unified-experience/packages/web/src/utils/index.js">
        <metrics statements="0" coveredstatements="0" conditionals="0" coveredconditionals="0" methods="0" coveredmethods="0"/>
      </file>
      <file name="utils.js" path="/Users/prikumar3/TCP/tcp-unified-experience/packages/web/src/utils/utils.js">
        <metrics statements="4" coveredstatements="2" conditionals="0" coveredconditionals="0" methods="2" coveredmethods="0"/>
        <line num="8" count="1" type="stmt"/>
        <line num="9" count="0" type="stmt"/>
        <line num="16" count="1" type="stmt"/>
        <line num="17" count="0" type="stmt"/>
      </file>
    </package>
  </project>
</coverage>
